This file contains any messages produced by compilers while
running configure, to aid debugging if configure makes a mistake.

It was created by bfd configure 2.37.50, which was
generated by GNU Autoconf 2.69.  Invocation command line was

  $ /home/pawel/ctf/153+1/muszla/gdb-11.1/bfd/configure --srcdir=.././bfd --cache-file=./config.cache --program-transform-name=s,y,y, --disable-option-checking --build=x86_64-pc-linux-gnu --host=x86_64-pc-linux-gnu --target=x86_64-pc-linux-gnu

## --------- ##
## Platform. ##
## --------- ##

hostname = solus
uname -m = x86_64
uname -r = 5.14.16-205.current
uname -s = Linux
uname -v = #1 SMP PREEMPT Sat Nov 6 09:14:32 UTC 2021

/usr/bin/uname -p = unknown
/bin/uname -X     = unknown

/bin/arch              = x86_64
/usr/bin/arch -k       = unknown
/usr/convex/getsysinfo = unknown
/usr/bin/hostinfo      = unknown
/bin/machine           = unknown
/usr/bin/oslevel       = unknown
/bin/universe          = unknown

PATH: /sbin
PATH: /bin
PATH: /usr/sbin
PATH: /usr/bin
PATH: /usr/local/bin
PATH: /snap/bin


## ----------- ##
## Core tests. ##
## ----------- ##

configure:2464: creating cache ./config.cache
configure:2578: checking build system type
configure:2592: result: x86_64-pc-linux-gnu
configure:2612: checking host system type
configure:2625: result: x86_64-pc-linux-gnu
configure:2645: checking target system type
configure:2658: result: x86_64-pc-linux-gnu
configure:2701: checking for a BSD-compatible install
configure:2769: result: /usr/bin/install -c
configure:2780: checking whether build environment is sane
configure:2835: result: yes
configure:2986: checking for a thread-safe mkdir -p
configure:3025: result: /bin/mkdir -p
configure:3032: checking for gawk
configure:3059: result: gawk
configure:3070: checking whether make sets $(MAKE)
configure:3092: result: yes
configure:3121: checking whether make supports nested variables
configure:3138: result: yes
configure:3268: checking for x86_64-pc-linux-gnu-ar
configure:3295: result: ar --plugin /usr/lib64/gcc/x86_64-solus-linux/11/liblto_plugin.so
configure:3360: checking for x86_64-pc-linux-gnu-ranlib
configure:3387: result: ranlib --plugin /usr/lib64/gcc/x86_64-solus-linux/11/liblto_plugin.so
configure:3490: checking for x86_64-pc-linux-gnu-gcc
configure:3517: result: gcc
configure:3786: checking for C compiler version
configure:3795: gcc --version >&5
gcc (Solus) 11.2.0
Copyright (C) 2021 Free Software Foundation, Inc.
This is free software; see the source for copying conditions.  There is NO
warranty; not even for MERCHANTABILITY or FITNESS FOR A PARTICULAR PURPOSE.

configure:3806: $? = 0
configure:3795: gcc -v >&5
Using built-in specs.
COLLECT_GCC=gcc
COLLECT_LTO_WRAPPER=/usr/lib64/gcc/x86_64-solus-linux/11/lto-wrapper
Target: x86_64-solus-linux
Configured with: ../configure --prefix=/usr --with-pkgversion=Solus --libdir=/usr/lib64 --libexecdir=/usr/lib64 --with-system-zlib --enable-cet --enable-default-ssp --enable-shared --enable-threads=posix --enable-gnu-indirect-function --enable-__cxa_atexit --enable-plugin --enable-gold --enable-ld=default --enable-clocale=gnu --enable-multilib --with-multilib-list=m32,m64 --enable-lto --with-gcc-major-version-only --with-bugurl=https://dev.getsol.us/ --with-arch_32=i686 --enable-linker-build-id --with-linker-hash-style=gnu --with-gnu-ld --build=x86_64-solus-linux --target=x86_64-solus-linux --enable-languages=c,c++,fortran
Thread model: posix
Supported LTO compression algorithms: zlib zstd
gcc version 11.2.0 (Solus) 
configure:3806: $? = 0
configure:3795: gcc -V >&5
gcc: error: unrecognized command-line option '-V'
gcc: fatal error: no input files
compilation terminated.
configure:3806: $? = 1
configure:3795: gcc -qversion >&5
gcc: error: unrecognized command-line option '-qversion'; did you mean '--version'?
gcc: fatal error: no input files
compilation terminated.
configure:3806: $? = 1
configure:3826: checking whether the C compiler works
configure:3848: gcc -g -O2        conftest.c  >&5
configure:3852: $? = 0
configure:3900: result: yes
configure:3903: checking for C compiler default output file name
configure:3905: result: a.out
configure:3911: checking for suffix of executables
configure:3918: gcc -o conftest -g -O2        conftest.c  >&5
configure:3922: $? = 0
configure:3944: result: 
configure:3966: checking whether we are cross compiling
configure:3974: gcc -o conftest -g -O2        conftest.c  >&5
configure:3978: $? = 0
configure:3985: ./conftest
configure:3989: $? = 0
configure:4004: result: no
configure:4009: checking for suffix of object files
configure:4031: gcc -c -g -O2      conftest.c >&5
configure:4035: $? = 0
configure:4056: result: o
configure:4060: checking whether we are using the GNU C compiler
configure:4079: gcc -c -g -O2      conftest.c >&5
configure:4079: $? = 0
configure:4088: result: yes
configure:4097: checking whether gcc accepts -g
configure:4117: gcc -c -g  conftest.c >&5
configure:4117: $? = 0
configure:4158: result: yes
configure:4175: checking for gcc option to accept ISO C89
configure:4238: gcc  -c -g -O2      conftest.c >&5
configure:4238: $? = 0
configure:4251: result: none needed
configure:4276: checking whether gcc understands -c and -o together
configure:4298: gcc -c conftest.c -o conftest2.o
configure:4301: $? = 0
configure:4298: gcc -c conftest.c -o conftest2.o
configure:4301: $? = 0
configure:4313: result: yes
configure:4341: checking for style of include used by make
configure:4369: result: GNU
configure:4395: checking dependency style of gcc
configure:4506: result: gcc3
configure:4527: checking how to run the C preprocessor
configure:4558: gcc -E  conftest.c
configure:4558: $? = 0
configure:4572: gcc -E  conftest.c
conftest.c:11:10: fatal error: ac_nonexistent.h: No such file or directory
   11 | #include <ac_nonexistent.h>
      |          ^~~~~~~~~~~~~~~~~~
compilation terminated.
configure:4572: $? = 1
configure: failed program was:
| /* confdefs.h */
| #define PACKAGE_NAME "bfd"
| #define PACKAGE_TARNAME "bfd"
| #define PACKAGE_VERSION "2.37.50"
| #define PACKAGE_STRING "bfd 2.37.50"
| #define PACKAGE_BUGREPORT ""
| #define PACKAGE_URL ""
| #define PACKAGE "bfd"
| #define VERSION "2.37.50"
| /* end confdefs.h.  */
| #include <ac_nonexistent.h>
configure:4597: result: gcc -E
configure:4617: gcc -E  conftest.c
configure:4617: $? = 0
configure:4631: gcc -E  conftest.c
conftest.c:11:10: fatal error: ac_nonexistent.h: No such file or directory
   11 | #include <ac_nonexistent.h>
      |          ^~~~~~~~~~~~~~~~~~
compilation terminated.
configure:4631: $? = 1
configure: failed program was:
| /* confdefs.h */
| #define PACKAGE_NAME "bfd"
| #define PACKAGE_TARNAME "bfd"
| #define PACKAGE_VERSION "2.37.50"
| #define PACKAGE_STRING "bfd 2.37.50"
| #define PACKAGE_BUGREPORT ""
| #define PACKAGE_URL ""
| #define PACKAGE "bfd"
| #define VERSION "2.37.50"
| /* end confdefs.h.  */
| #include <ac_nonexistent.h>
configure:4660: checking for grep that handles long lines and -e
configure:4718: result: /bin/grep
configure:4723: checking for egrep
configure:4785: result: /bin/grep -E
configure:4790: checking for ANSI C header files
configure:4810: gcc -c -g -O2      conftest.c >&5
configure:4810: $? = 0
configure:4883: gcc -o conftest -g -O2        conftest.c  >&5
configure:4883: $? = 0
configure:4883: ./conftest
configure:4883: $? = 0
configure:4894: result: yes
configure:4907: checking for sys/types.h
configure:4907: gcc -c -g -O2      conftest.c >&5
configure:4907: $? = 0
configure:4907: result: yes
configure:4907: checking for sys/stat.h
configure:4907: gcc -c -g -O2      conftest.c >&5
configure:4907: $? = 0
configure:4907: result: yes
configure:4907: checking for stdlib.h
configure:4907: gcc -c -g -O2      conftest.c >&5
configure:4907: $? = 0
configure:4907: result: yes
configure:4907: checking for string.h
configure:4907: gcc -c -g -O2      conftest.c >&5
configure:4907: $? = 0
configure:4907: result: yes
configure:4907: checking for memory.h
configure:4907: gcc -c -g -O2      conftest.c >&5
configure:4907: $? = 0
configure:4907: result: yes
configure:4907: checking for strings.h
configure:4907: gcc -c -g -O2      conftest.c >&5
configure:4907: $? = 0
configure:4907: result: yes
configure:4907: checking for inttypes.h
configure:4907: gcc -c -g -O2      conftest.c >&5
configure:4907: $? = 0
configure:4907: result: yes
configure:4907: checking for stdint.h
configure:4907: gcc -c -g -O2      conftest.c >&5
configure:4907: $? = 0
configure:4907: result: yes
configure:4907: checking for unistd.h
configure:4907: gcc -c -g -O2      conftest.c >&5
configure:4907: $? = 0
configure:4907: result: yes
configure:4920: checking minix/config.h usability
configure:4920: gcc -c -g -O2      conftest.c >&5
conftest.c:54:10: fatal error: minix/config.h: No such file or directory
   54 | #include <minix/config.h>
      |          ^~~~~~~~~~~~~~~~
compilation terminated.
configure:4920: $? = 1
configure: failed program was:
| /* confdefs.h */
| #define PACKAGE_NAME "bfd"
| #define PACKAGE_TARNAME "bfd"
| #define PACKAGE_VERSION "2.37.50"
| #define PACKAGE_STRING "bfd 2.37.50"
| #define PACKAGE_BUGREPORT ""
| #define PACKAGE_URL ""
| #define PACKAGE "bfd"
| #define VERSION "2.37.50"
| #define STDC_HEADERS 1
| #define HAVE_SYS_TYPES_H 1
| #define HAVE_SYS_STAT_H 1
| #define HAVE_STDLIB_H 1
| #define HAVE_STRING_H 1
| #define HAVE_MEMORY_H 1
| #define HAVE_STRINGS_H 1
| #define HAVE_INTTYPES_H 1
| #define HAVE_STDINT_H 1
| #define HAVE_UNISTD_H 1
| /* end confdefs.h.  */
| #include <stdio.h>
| #ifdef HAVE_SYS_TYPES_H
| # include <sys/types.h>
| #endif
| #ifdef HAVE_SYS_STAT_H
| # include <sys/stat.h>
| #endif
| #ifdef STDC_HEADERS
| # include <stdlib.h>
| # include <stddef.h>
| #else
| # ifdef HAVE_STDLIB_H
| #  include <stdlib.h>
| # endif
| #endif
| #ifdef HAVE_STRING_H
| # if !defined STDC_HEADERS && defined HAVE_MEMORY_H
| #  include <memory.h>
| # endif
| # include <string.h>
| #endif
| #ifdef HAVE_STRINGS_H
| # include <strings.h>
| #endif
| #ifdef HAVE_INTTYPES_H
| # include <inttypes.h>
| #endif
| #ifdef HAVE_STDINT_H
| # include <stdint.h>
| #endif
| #ifdef HAVE_UNISTD_H
| # include <unistd.h>
| #endif
| #include <minix/config.h>
configure:4920: result: no
configure:4920: checking minix/config.h presence
configure:4920: gcc -E  conftest.c
conftest.c:21:10: fatal error: minix/config.h: No such file or directory
   21 | #include <minix/config.h>
      |          ^~~~~~~~~~~~~~~~
compilation terminated.
configure:4920: $? = 1
configure: failed program was:
| /* confdefs.h */
| #define PACKAGE_NAME "bfd"
| #define PACKAGE_TARNAME "bfd"
| #define PACKAGE_VERSION "2.37.50"
| #define PACKAGE_STRING "bfd 2.37.50"
| #define PACKAGE_BUGREPORT ""
| #define PACKAGE_URL ""
| #define PACKAGE "bfd"
| #define VERSION "2.37.50"
| #define STDC_HEADERS 1
| #define HAVE_SYS_TYPES_H 1
| #define HAVE_SYS_STAT_H 1
| #define HAVE_STDLIB_H 1
| #define HAVE_STRING_H 1
| #define HAVE_MEMORY_H 1
| #define HAVE_STRINGS_H 1
| #define HAVE_INTTYPES_H 1
| #define HAVE_STDINT_H 1
| #define HAVE_UNISTD_H 1
| /* end confdefs.h.  */
| #include <minix/config.h>
configure:4920: result: no
configure:4920: checking for minix/config.h
configure:4920: result: no
configure:4941: checking whether it is safe to define __EXTENSIONS__
configure:4959: gcc -c -g -O2      conftest.c >&5
configure:4959: $? = 0
configure:4966: result: yes
configure:5029: checking how to print strings
configure:5056: result: printf
configure:5077: checking for a sed that does not truncate output
configure:5141: result: /bin/sed
configure:5159: checking for fgrep
configure:5221: result: /bin/grep -F
configure:5256: checking for ld used by gcc
configure:5323: result: ld
configure:5330: checking if the linker (ld) is GNU ld
configure:5345: result: yes
configure:5357: checking for BSD- or MS-compatible name lister (nm)
configure:5406: result: nm
configure:5536: checking the name lister (nm) interface
configure:5543: gcc -c -g -O2      conftest.c >&5
configure:5546: nm "conftest.o"
configure:5549: output
0000000000000000 B some_variable
configure:5556: result: BSD nm
configure:5559: checking whether ln -s works
configure:5563: result: yes
configure:5571: checking the maximum length of command line arguments
configure:5696: result: 1572864
configure:5713: checking whether the shell understands some XSI constructs
configure:5723: result: yes
configure:5727: checking whether the shell understands "+="
configure:5733: result: yes
configure:5768: checking for ld option to reload object files
configure:5775: result: -r
configure:5804: checking for x86_64-pc-linux-gnu-objdump
configure:5831: result: objdump
configure:5903: checking how to recognize dependent libraries
configure:6104: result: pass_all
configure:6137: checking for x86_64-pc-linux-gnu-ar
configure:6164: result: ar --plugin /usr/lib64/gcc/x86_64-solus-linux/11/liblto_plugin.so
configure:6255: checking for x86_64-pc-linux-gnu-strip
configure:6285: result: no
configure:6295: checking for strip
configure:6311: found /usr/bin/strip
configure:6322: result: strip
configure:6354: checking for x86_64-pc-linux-gnu-ranlib
configure:6381: result: ranlib --plugin /usr/lib64/gcc/x86_64-solus-linux/11/liblto_plugin.so
configure:6528: checking command to parse nm output from gcc object
configure:6646: gcc -c -g -O2      conftest.c >&5
configure:6649: $? = 0
configure:6653: nm conftest.o \| sed -n -e 's/^.*[ ]\([ABCDGIRSTW][ABCDGIRSTW]*\)[ ][ ]*\([_A-Za-z][_A-Za-z0-9]*\)$/\1 \2 \2/p' \> conftest.nm
configure:6656: $? = 0
configure:6710: gcc -o conftest -g -O2        conftest.c conftstm.o >&5
configure:6713: $? = 0
configure:6751: result: ok
configure:6846: gcc -c -g -O2      conftest.c >&5
configure:6849: $? = 0
configure:7599: checking for dlfcn.h
configure:7599: gcc -c -g -O2      conftest.c >&5
configure:7599: $? = 0
configure:7599: result: yes
configure:7755: checking for objdir
configure:7770: result: .libs
configure:8041: checking if gcc supports -fno-rtti -fno-exceptions
configure:8059: gcc -c -g -O2      -fno-rtti -fno-exceptions conftest.c >&5
cc1: warning: command-line option '-fno-rtti' is valid for C++/D/ObjC++ but not for C
configure:8063: $? = 0
configure:8076: result: no
configure:8096: checking for gcc option to produce PIC
configure:8382: result: -fPIC -DPIC
configure:8394: checking if gcc PIC flag -fPIC -DPIC works
configure:8412: gcc -c -g -O2      -fPIC -DPIC -DPIC conftest.c >&5
configure:8416: $? = 0
configure:8429: result: yes
configure:8453: checking if gcc static flag -static works
configure:8481: result: yes
configure:8496: checking if gcc supports -c -o file.o
configure:8517: gcc -c -g -O2      -o out/conftest2.o conftest.c >&5
configure:8521: $? = 0
configure:8543: result: yes
configure:8551: checking if gcc supports -c -o file.o
configure:8598: result: yes
configure:8631: checking whether the gcc linker (ld -m elf_x86_64) supports shared libraries
configure:9702: result: yes
configure:9947: checking dynamic linker characteristics
configure:10388: gcc -o conftest -g -O2        -Wl,-rpath -Wl,/foo conftest.c  >&5
configure:10388: $? = 0
configure:10610: result: GNU/Linux ld.so
configure:10717: checking how to hardcode library paths into programs
configure:10742: result: immediate
configure:10836: checking for shl_load
configure:10836: gcc -o conftest -g -O2        conftest.c  >&5
/usr/bin/ld: /tmp/ccXwodr5.o: in function `main':
/home/pawel/ctf/153+1/muszla/gdb-11.1/bfd/conftest.c:62: undefined reference to `shl_load'
collect2: error: ld returned 1 exit status
configure:10836: $? = 1
configure: failed program was:
| /* confdefs.h */
| #define PACKAGE_NAME "bfd"
| #define PACKAGE_TARNAME "bfd"
| #define PACKAGE_VERSION "2.37.50"
| #define PACKAGE_STRING "bfd 2.37.50"
| #define PACKAGE_BUGREPORT ""
| #define PACKAGE_URL ""
| #define PACKAGE "bfd"
| #define VERSION "2.37.50"
| #define STDC_HEADERS 1
| #define HAVE_SYS_TYPES_H 1
| #define HAVE_SYS_STAT_H 1
| #define HAVE_STDLIB_H 1
| #define HAVE_STRING_H 1
| #define HAVE_MEMORY_H 1
| #define HAVE_STRINGS_H 1
| #define HAVE_INTTYPES_H 1
| #define HAVE_STDINT_H 1
| #define HAVE_UNISTD_H 1
| #define __EXTENSIONS__ 1
| #define _ALL_SOURCE 1
| #define _GNU_SOURCE 1
| #define _POSIX_PTHREAD_SEMANTICS 1
| #define _TANDEM_SOURCE 1
| #define HAVE_DLFCN_H 1
| #define LT_OBJDIR ".libs/"
| /* end confdefs.h.  */
| /* Define shl_load to an innocuous variant, in case <limits.h> declares shl_load.
|    For example, HP-UX 11i <limits.h> declares gettimeofday.  */
| #define shl_load innocuous_shl_load
| 
| /* System header to define __stub macros and hopefully few prototypes,
|     which can conflict with char shl_load (); below.
|     Prefer <limits.h> to <assert.h> if __STDC__ is defined, since
|     <limits.h> exists even on freestanding compilers.  */
| 
| #ifdef __STDC__
| # include <limits.h>
| #else
| # include <assert.h>
| #endif
| 
| #undef shl_load
| 
| /* Override any GCC internal prototype to avoid an error.
|    Use char because int might match the return type of a GCC
|    builtin and then its argument prototype would still apply.  */
| #ifdef __cplusplus
| extern "C"
| #endif
| char shl_load ();
| /* The GNU C library defines this for functions which it implements
|     to always fail with ENOSYS.  Some functions are actually named
|     something starting with __ and the normal name is an alias.  */
| #if defined __stub_shl_load || defined __stub___shl_load
| choke me
| #endif
| 
| int
| main ()
| {
| return shl_load ();
|   ;
|   return 0;
| }
configure:10836: result: no
configure:10840: checking for shl_load in -ldld
configure:10865: gcc -o conftest -g -O2        conftest.c -ldld   >&5
/usr/bin/ld: cannot find -ldld
collect2: error: ld returned 1 exit status
configure:10865: $? = 1
configure: failed program was:
| /* confdefs.h */
| #define PACKAGE_NAME "bfd"
| #define PACKAGE_TARNAME "bfd"
| #define PACKAGE_VERSION "2.37.50"
| #define PACKAGE_STRING "bfd 2.37.50"
| #define PACKAGE_BUGREPORT ""
| #define PACKAGE_URL ""
| #define PACKAGE "bfd"
| #define VERSION "2.37.50"
| #define STDC_HEADERS 1
| #define HAVE_SYS_TYPES_H 1
| #define HAVE_SYS_STAT_H 1
| #define HAVE_STDLIB_H 1
| #define HAVE_STRING_H 1
| #define HAVE_MEMORY_H 1
| #define HAVE_STRINGS_H 1
| #define HAVE_INTTYPES_H 1
| #define HAVE_STDINT_H 1
| #define HAVE_UNISTD_H 1
| #define __EXTENSIONS__ 1
| #define _ALL_SOURCE 1
| #define _GNU_SOURCE 1
| #define _POSIX_PTHREAD_SEMANTICS 1
| #define _TANDEM_SOURCE 1
| #define HAVE_DLFCN_H 1
| #define LT_OBJDIR ".libs/"
| /* end confdefs.h.  */
| 
| /* Override any GCC internal prototype to avoid an error.
|    Use char because int might match the return type of a GCC
|    builtin and then its argument prototype would still apply.  */
| #ifdef __cplusplus
| extern "C"
| #endif
| char shl_load ();
| int
| main ()
| {
| return shl_load ();
|   ;
|   return 0;
| }
configure:10874: result: no
configure:10879: checking for dlopen
configure:10879: gcc -o conftest -g -O2        conftest.c  >&5
/usr/bin/ld: /tmp/cc0hSSJY.o: in function `main':
/home/pawel/ctf/153+1/muszla/gdb-11.1/bfd/conftest.c:62: undefined reference to `dlopen'
collect2: error: ld returned 1 exit status
configure:10879: $? = 1
configure: failed program was:
| /* confdefs.h */
| #define PACKAGE_NAME "bfd"
| #define PACKAGE_TARNAME "bfd"
| #define PACKAGE_VERSION "2.37.50"
| #define PACKAGE_STRING "bfd 2.37.50"
| #define PACKAGE_BUGREPORT ""
| #define PACKAGE_URL ""
| #define PACKAGE "bfd"
| #define VERSION "2.37.50"
| #define STDC_HEADERS 1
| #define HAVE_SYS_TYPES_H 1
| #define HAVE_SYS_STAT_H 1
| #define HAVE_STDLIB_H 1
| #define HAVE_STRING_H 1
| #define HAVE_MEMORY_H 1
| #define HAVE_STRINGS_H 1
| #define HAVE_INTTYPES_H 1
| #define HAVE_STDINT_H 1
| #define HAVE_UNISTD_H 1
| #define __EXTENSIONS__ 1
| #define _ALL_SOURCE 1
| #define _GNU_SOURCE 1
| #define _POSIX_PTHREAD_SEMANTICS 1
| #define _TANDEM_SOURCE 1
| #define HAVE_DLFCN_H 1
| #define LT_OBJDIR ".libs/"
| /* end confdefs.h.  */
| /* Define dlopen to an innocuous variant, in case <limits.h> declares dlopen.
|    For example, HP-UX 11i <limits.h> declares gettimeofday.  */
| #define dlopen innocuous_dlopen
| 
| /* System header to define __stub macros and hopefully few prototypes,
|     which can conflict with char dlopen (); below.
|     Prefer <limits.h> to <assert.h> if __STDC__ is defined, since
|     <limits.h> exists even on freestanding compilers.  */
| 
| #ifdef __STDC__
| # include <limits.h>
| #else
| # include <assert.h>
| #endif
| 
| #undef dlopen
| 
| /* Override any GCC internal prototype to avoid an error.
|    Use char because int might match the return type of a GCC
|    builtin and then its argument prototype would still apply.  */
| #ifdef __cplusplus
| extern "C"
| #endif
| char dlopen ();
| /* The GNU C library defines this for functions which it implements
|     to always fail with ENOSYS.  Some functions are actually named
|     something starting with __ and the normal name is an alias.  */
| #if defined __stub_dlopen || defined __stub___dlopen
| choke me
| #endif
| 
| int
| main ()
| {
| return dlopen ();
|   ;
|   return 0;
| }
configure:10879: result: no
configure:10883: checking for dlopen in -ldl
configure:10908: gcc -o conftest -g -O2        conftest.c -ldl   >&5
configure:10908: $? = 0
configure:10917: result: yes
configure:11036: checking whether a program can dlopen itself
configure:11116: gcc -o conftest -g -O2      -DHAVE_DLFCN_H   -Wl,--export-dynamic conftest.c -ldl  >&5
configure:11119: $? = 0
configure:11137: result: yes
configure:11142: checking whether a statically linked program can dlopen itself
configure:11222: gcc -o conftest -g -O2      -DHAVE_DLFCN_H   -Wl,--export-dynamic -static conftest.c -ldl  >&5
/usr/bin/ld: /tmp/ccgIK5Iv.o: in function `main':
/home/pawel/ctf/153+1/muszla/gdb-11.1/bfd/configure:11202: warning: Using 'dlopen' in statically linked applications requires at runtime the shared libraries from the glibc version used for linking
configure:11225: $? = 0
conftest: undefined symbol: _fnord
configure:11243: result: no
configure:11282: checking whether stripping libraries is possible
configure:11287: result: yes
configure:11322: checking if libtool supports shared libraries
configure:11324: result: yes
configure:11327: checking whether to build shared libraries
configure:11348: result: no
configure:11351: checking whether to build static libraries
configure:11355: result: yes
configure:11405: checking for dlfcn.h
configure:11405: result: yes
configure:11418: checking for windows.h
configure:11418: gcc -c -g -O2      conftest.c >&5
conftest.c:63:10: fatal error: windows.h: No such file or directory
   63 | #include <windows.h>
      |          ^~~~~~~~~~~
compilation terminated.
configure:11418: $? = 1
configure: failed program was:
| /* confdefs.h */
| #define PACKAGE_NAME "bfd"
| #define PACKAGE_TARNAME "bfd"
| #define PACKAGE_VERSION "2.37.50"
| #define PACKAGE_STRING "bfd 2.37.50"
| #define PACKAGE_BUGREPORT ""
| #define PACKAGE_URL ""
| #define PACKAGE "bfd"
| #define VERSION "2.37.50"
| #define STDC_HEADERS 1
| #define HAVE_SYS_TYPES_H 1
| #define HAVE_SYS_STAT_H 1
| #define HAVE_STDLIB_H 1
| #define HAVE_STRING_H 1
| #define HAVE_MEMORY_H 1
| #define HAVE_STRINGS_H 1
| #define HAVE_INTTYPES_H 1
| #define HAVE_STDINT_H 1
| #define HAVE_UNISTD_H 1
| #define __EXTENSIONS__ 1
| #define _ALL_SOURCE 1
| #define _GNU_SOURCE 1
| #define _POSIX_PTHREAD_SEMANTICS 1
| #define _TANDEM_SOURCE 1
| #define HAVE_DLFCN_H 1
| #define LT_OBJDIR ".libs/"
| #define HAVE_DLFCN_H 1
| /* end confdefs.h.  */
| #include <stdio.h>
| #ifdef HAVE_SYS_TYPES_H
| # include <sys/types.h>
| #endif
| #ifdef HAVE_SYS_STAT_H
| # include <sys/stat.h>
| #endif
| #ifdef STDC_HEADERS
| # include <stdlib.h>
| # include <stddef.h>
| #else
| # ifdef HAVE_STDLIB_H
| #  include <stdlib.h>
| # endif
| #endif
| #ifdef HAVE_STRING_H
| # if !defined STDC_HEADERS && defined HAVE_MEMORY_H
| #  include <memory.h>
| # endif
| # include <string.h>
| #endif
| #ifdef HAVE_STRINGS_H
| # include <strings.h>
| #endif
| #ifdef HAVE_INTTYPES_H
| # include <inttypes.h>
| #endif
| #ifdef HAVE_STDINT_H
| # include <stdint.h>
| #endif
| #ifdef HAVE_UNISTD_H
| # include <unistd.h>
| #endif
| 
| #include <windows.h>
configure:11418: result: no
configure:11445: checking for library containing dlsym
configure:11476: gcc -o conftest -g -O2        conftest.c  >&5
/usr/bin/ld: /tmp/ccqoHZul.o: in function `main':
/home/pawel/ctf/153+1/muszla/gdb-11.1/bfd/conftest.c:40: undefined reference to `dlsym'
collect2: error: ld returned 1 exit status
configure:11476: $? = 1
configure: failed program was:
| /* confdefs.h */
| #define PACKAGE_NAME "bfd"
| #define PACKAGE_TARNAME "bfd"
| #define PACKAGE_VERSION "2.37.50"
| #define PACKAGE_STRING "bfd 2.37.50"
| #define PACKAGE_BUGREPORT ""
| #define PACKAGE_URL ""
| #define PACKAGE "bfd"
| #define VERSION "2.37.50"
| #define STDC_HEADERS 1
| #define HAVE_SYS_TYPES_H 1
| #define HAVE_SYS_STAT_H 1
| #define HAVE_STDLIB_H 1
| #define HAVE_STRING_H 1
| #define HAVE_MEMORY_H 1
| #define HAVE_STRINGS_H 1
| #define HAVE_INTTYPES_H 1
| #define HAVE_STDINT_H 1
| #define HAVE_UNISTD_H 1
| #define __EXTENSIONS__ 1
| #define _ALL_SOURCE 1
| #define _GNU_SOURCE 1
| #define _POSIX_PTHREAD_SEMANTICS 1
| #define _TANDEM_SOURCE 1
| #define HAVE_DLFCN_H 1
| #define LT_OBJDIR ".libs/"
| #define HAVE_DLFCN_H 1
| /* end confdefs.h.  */
| 
| /* Override any GCC internal prototype to avoid an error.
|    Use char because int might match the return type of a GCC
|    builtin and then its argument prototype would still apply.  */
| #ifdef __cplusplus
| extern "C"
| #endif
| char dlsym ();
| int
| main ()
| {
| return dlsym ();
|   ;
|   return 0;
| }
configure:11476: gcc -o conftest -g -O2        conftest.c -ldl   >&5
configure:11476: $? = 0
configure:11493: result: -ldl
configure:11565: checking for special C compiler options needed for large files
configure:11610: result: no
configure:11616: checking for _FILE_OFFSET_BITS value needed for large files
configure:11641: gcc -c -g -O2      conftest.c >&5
configure:11641: $? = 0
configure:11673: result: no
configure:12126: checking whether to enable maintainer-specific portions of Makefiles
configure:12135: result: no
configure:12171: checking whether to install libbfd
configure:12184: result: yes
configure:12234: checking whether NLS is requested
configure:12240: result: yes
configure:12246: checking for catalogs to be installed
configure:12278: result:  da es fi fr hr id ja pt ro ru rw sr sv tr uk vi zh_CN da es fi fr hr id ja pt ro ru rw sr sv tr uk vi zh_CN
configure:12305: checking whether NLS is requested
configure:12314: result: yes
configure:12352: checking for msgfmt
configure:12383: result: /usr/bin/msgfmt
configure:12392: checking for gmsgfmt
configure:12423: result: /usr/bin/msgfmt
configure:12463: checking for xgettext
configure:12494: result: /usr/bin/xgettext
configure:12534: checking for msgmerge
configure:12564: result: /usr/bin/msgmerge
configure:12617: checking size of long long
configure:12622: gcc -o conftest -g -O2        conftest.c -ldl  >&5
configure:12622: $? = 0
configure:12622: ./conftest
configure:12622: $? = 0
configure:12636: result: 8
configure:12650: checking size of void *
configure:12655: gcc -o conftest -g -O2        conftest.c -ldl  >&5
configure:12655: $? = 0
configure:12655: ./conftest
configure:12655: $? = 0
configure:12669: result: 8
configure:12683: checking size of long
configure:12688: gcc -o conftest -g -O2        conftest.c -ldl  >&5
configure:12688: $? = 0
configure:12688: ./conftest
configure:12688: $? = 0
configure:12702: result: 8
configure:12716: checking size of int
configure:12721: gcc -o conftest -g -O2        conftest.c -ldl  >&5
configure:12721: $? = 0
configure:12721: ./conftest
configure:12721: $? = 0
configure:12735: result: 4
configure:12818: checking fcntl.h usability
configure:12818: gcc -c -g -O2      conftest.c >&5
configure:12818: $? = 0
configure:12818: result: yes
configure:12818: checking fcntl.h presence
configure:12818: gcc -E  conftest.c
configure:12818: $? = 0
configure:12818: result: yes
configure:12818: checking for fcntl.h
configure:12818: result: yes
configure:12818: checking sys/file.h usability
configure:12818: gcc -c -g -O2      conftest.c >&5
configure:12818: $? = 0
configure:12818: result: yes
configure:12818: checking sys/file.h presence
configure:12818: gcc -E  conftest.c
configure:12818: $? = 0
configure:12818: result: yes
configure:12818: checking for sys/file.h
configure:12818: result: yes
configure:12818: checking sys/resource.h usability
configure:12818: gcc -c -g -O2      conftest.c >&5
configure:12818: $? = 0
configure:12818: result: yes
configure:12818: checking sys/resource.h presence
configure:12818: gcc -E  conftest.c
configure:12818: $? = 0
configure:12818: result: yes
configure:12818: checking for sys/resource.h
configure:12818: result: yes
configure:12818: checking for sys/stat.h
configure:12818: result: yes
configure:12818: checking for sys/types.h
configure:12818: result: yes
configure:12818: checking for unistd.h
configure:12818: result: yes
configure:12833: checking for fcntl
configure:12833: gcc -o conftest -g -O2        conftest.c -ldl  >&5
configure:12833: $? = 0
configure:12833: result: yes
configure:12833: checking for fdopen
configure:12833: gcc -o conftest -g -O2        conftest.c -ldl  >&5
configure:12833: $? = 0
configure:12833: result: yes
configure:12833: checking for fileno
configure:12833: gcc -o conftest -g -O2        conftest.c -ldl  >&5
configure:12833: $? = 0
configure:12833: result: yes
configure:12833: checking for fls
configure:12833: gcc -o conftest -g -O2        conftest.c -ldl  >&5
/usr/bin/ld: /tmp/ccQMttup.o: in function `main':
/home/pawel/ctf/153+1/muszla/gdb-11.1/bfd/conftest.c:79: undefined reference to `fls'
collect2: error: ld returned 1 exit status
configure:12833: $? = 1
configure: failed program was:
| /* confdefs.h */
| #define PACKAGE_NAME "bfd"
| #define PACKAGE_TARNAME "bfd"
| #define PACKAGE_VERSION "2.37.50"
| #define PACKAGE_STRING "bfd 2.37.50"
| #define PACKAGE_BUGREPORT ""
| #define PACKAGE_URL ""
| #define PACKAGE "bfd"
| #define VERSION "2.37.50"
| #define STDC_HEADERS 1
| #define HAVE_SYS_TYPES_H 1
| #define HAVE_SYS_STAT_H 1
| #define HAVE_STDLIB_H 1
| #define HAVE_STRING_H 1
| #define HAVE_MEMORY_H 1
| #define HAVE_STRINGS_H 1
| #define HAVE_INTTYPES_H 1
| #define HAVE_STDINT_H 1
| #define HAVE_UNISTD_H 1
| #define __EXTENSIONS__ 1
| #define _ALL_SOURCE 1
| #define _GNU_SOURCE 1
| #define _POSIX_PTHREAD_SEMANTICS 1
| #define _TANDEM_SOURCE 1
| #define HAVE_DLFCN_H 1
| #define LT_OBJDIR ".libs/"
| #define HAVE_DLFCN_H 1
| #define USE_SECUREPLT 1
| #define DEFAULT_LD_Z_SEPARATE_CODE 1
| #define ENABLE_NLS 1
| #define SIZEOF_LONG_LONG 8
| #define SIZEOF_VOID_P 8
| #define SIZEOF_LONG 8
| #define SIZEOF_INT 4
| #define HAVE_FCNTL_H 1
| #define HAVE_SYS_FILE_H 1
| #define HAVE_SYS_RESOURCE_H 1
| #define HAVE_SYS_STAT_H 1
| #define HAVE_SYS_TYPES_H 1
| #define HAVE_UNISTD_H 1
| #define HAVE_FCNTL 1
| #define HAVE_FDOPEN 1
| #define HAVE_FILENO 1
| /* end confdefs.h.  */
| /* Define fls to an innocuous variant, in case <limits.h> declares fls.
|    For example, HP-UX 11i <limits.h> declares gettimeofday.  */
| #define fls innocuous_fls
| 
| /* System header to define __stub macros and hopefully few prototypes,
|     which can conflict with char fls (); below.
|     Prefer <limits.h> to <assert.h> if __STDC__ is defined, since
|     <limits.h> exists even on freestanding compilers.  */
| 
| #ifdef __STDC__
| # include <limits.h>
| #else
| # include <assert.h>
| #endif
| 
| #undef fls
| 
| /* Override any GCC internal prototype to avoid an error.
|    Use char because int might match the return type of a GCC
|    builtin and then its argument prototype would still apply.  */
| #ifdef __cplusplus
| extern "C"
| #endif
| char fls ();
| /* The GNU C library defines this for functions which it implements
|     to always fail with ENOSYS.  Some functions are actually named
|     something starting with __ and the normal name is an alias.  */
| #if defined __stub_fls || defined __stub___fls
| choke me
| #endif
| 
| int
| main ()
| {
| return fls ();
|   ;
|   return 0;
| }
configure:12833: result: no
configure:12833: checking for getgid
configure:12833: gcc -o conftest -g -O2        conftest.c -ldl  >&5
configure:12833: $? = 0
configure:12833: result: yes
configure:12833: checking for getpagesize
configure:12833: gcc -o conftest -g -O2        conftest.c -ldl  >&5
configure:12833: $? = 0
configure:12833: result: yes
configure:12833: checking for getrlimit
configure:12833: gcc -o conftest -g -O2        conftest.c -ldl  >&5
configure:12833: $? = 0
configure:12833: result: yes
configure:12833: checking for getuid
configure:12833: gcc -o conftest -g -O2        conftest.c -ldl  >&5
configure:12833: $? = 0
configure:12833: result: yes
configure:12833: checking for sysconf
configure:12833: gcc -o conftest -g -O2        conftest.c -ldl  >&5
configure:12833: $? = 0
configure:12833: result: yes
configure:12843: checking whether basename is declared
configure:12843: gcc -c -g -O2      conftest.c >&5
configure:12843: $? = 0
configure:12843: result: yes
configure:12853: checking whether ffs is declared
configure:12853: gcc -c -g -O2      conftest.c >&5
configure:12853: $? = 0
configure:12853: result: yes
configure:12863: checking whether stpcpy is declared
configure:12863: gcc -c -g -O2      conftest.c >&5
configure:12863: $? = 0
configure:12863: result: yes
configure:12873: checking whether asprintf is declared
configure:12873: gcc -c -g -O2      conftest.c >&5
configure:12873: $? = 0
configure:12873: result: yes
configure:12883: checking whether vasprintf is declared
configure:12883: gcc -c -g -O2      conftest.c >&5
configure:12883: $? = 0
configure:12883: result: yes
configure:12925: checking compiler support for hidden visibility
configure:12943: gcc -c -g -O2     -Werror  conftest.c >&5
configure:12943: $? = 0
configure:12950: result: yes
configure:12960: checking linker --as-needed support
configure:12971: result: yes
configure:13062: checking for cos in -lm
configure:13087: gcc -o conftest -g -O2        conftest.c -lm  -ldl  >&5
conftest.c:63:6: warning: conflicting types for built-in function 'cos'; expected 'double(double)' [-Wbuiltin-declaration-mismatch]
   63 | char cos ();
      |      ^~~
conftest.c:1:1: note: 'cos' is declared in header '<math.h>'
    1 | /* confdefs.h */
configure:13087: $? = 0
configure:13096: result: yes
configure:13605: checking for gcc version with buggy 64-bit support
configure:13618: result: no
configure:13854: checking sys/procfs.h usability
configure:13854: gcc -c -g -O2      conftest.c >&5
configure:13854: $? = 0
configure:13854: result: yes
configure:13854: checking sys/procfs.h presence
configure:13854: gcc -E  conftest.c
configure:13854: $? = 0
configure:13854: result: yes
configure:13854: checking for sys/procfs.h
configure:13854: result: yes
configure:13866: checking for prstatus_t in sys/procfs.h
configure:13884: gcc -c -g -O2      conftest.c >&5
configure:13884: $? = 0
configure:13898: result: yes
configure:13902: checking for prstatus32_t in sys/procfs.h
configure:13920: gcc -c -g -O2      conftest.c >&5
conftest.c: In function 'main':
conftest.c:65:1: error: unknown type name 'prstatus32_t'; did you mean 'prstatus_t'?
   65 | prstatus32_t avar
      | ^~~~~~~~~~~~
      | prstatus_t
configure:13920: $? = 1
configure: failed program was:
| /* confdefs.h */
| #define PACKAGE_NAME "bfd"
| #define PACKAGE_TARNAME "bfd"
| #define PACKAGE_VERSION "2.37.50"
| #define PACKAGE_STRING "bfd 2.37.50"
| #define PACKAGE_BUGREPORT ""
| #define PACKAGE_URL ""
| #define PACKAGE "bfd"
| #define VERSION "2.37.50"
| #define STDC_HEADERS 1
| #define HAVE_SYS_TYPES_H 1
| #define HAVE_SYS_STAT_H 1
| #define HAVE_STDLIB_H 1
| #define HAVE_STRING_H 1
| #define HAVE_MEMORY_H 1
| #define HAVE_STRINGS_H 1
| #define HAVE_INTTYPES_H 1
| #define HAVE_STDINT_H 1
| #define HAVE_UNISTD_H 1
| #define __EXTENSIONS__ 1
| #define _ALL_SOURCE 1
| #define _GNU_SOURCE 1
| #define _POSIX_PTHREAD_SEMANTICS 1
| #define _TANDEM_SOURCE 1
| #define HAVE_DLFCN_H 1
| #define LT_OBJDIR ".libs/"
| #define HAVE_DLFCN_H 1
| #define USE_SECUREPLT 1
| #define DEFAULT_LD_Z_SEPARATE_CODE 1
| #define ENABLE_NLS 1
| #define SIZEOF_LONG_LONG 8
| #define SIZEOF_VOID_P 8
| #define SIZEOF_LONG 8
| #define SIZEOF_INT 4
| #define HAVE_FCNTL_H 1
| #define HAVE_SYS_FILE_H 1
| #define HAVE_SYS_RESOURCE_H 1
| #define HAVE_SYS_STAT_H 1
| #define HAVE_SYS_TYPES_H 1
| #define HAVE_UNISTD_H 1
| #define HAVE_FCNTL 1
| #define HAVE_FDOPEN 1
| #define HAVE_FILENO 1
| #define HAVE_GETGID 1
| #define HAVE_GETPAGESIZE 1
| #define HAVE_GETRLIMIT 1
| #define HAVE_GETUID 1
| #define HAVE_SYSCONF 1
| #define HAVE_DECL_BASENAME 1
| #define HAVE_DECL_FFS 1
| #define HAVE_DECL_STPCPY 1
| #define HAVE_DECL_ASPRINTF 1
| #define HAVE_DECL_VASPRINTF 1
| #define HAVE_HIDDEN 1
| #define _STRUCTURED_PROC 1
| #define HAVE_SYS_PROCFS_H 1
| #define HAVE_PRSTATUS_T 1
| /* end confdefs.h.  */
| 
| #define _SYSCALL32
| #include <sys/procfs.h>
| int
| main ()
| {
| prstatus32_t avar
|   ;
|   return 0;
| }
configure:13934: result: no
configure:13938: checking for prstatus_t.pr_who in sys/procfs.h
configure:13956: gcc -c -g -O2      conftest.c >&5
conftest.c: In function 'main':
conftest.c:65:44: error: 'prstatus_t' {aka 'struct elf_prstatus'} has no member named 'pr_who'
   65 | prstatus_t avar; void* aref = (void*) &avar.pr_who
      |                                            ^
configure:13956: $? = 1
configure: failed program was:
| /* confdefs.h */
| #define PACKAGE_NAME "bfd"
| #define PACKAGE_TARNAME "bfd"
| #define PACKAGE_VERSION "2.37.50"
| #define PACKAGE_STRING "bfd 2.37.50"
| #define PACKAGE_BUGREPORT ""
| #define PACKAGE_URL ""
| #define PACKAGE "bfd"
| #define VERSION "2.37.50"
| #define STDC_HEADERS 1
| #define HAVE_SYS_TYPES_H 1
| #define HAVE_SYS_STAT_H 1
| #define HAVE_STDLIB_H 1
| #define HAVE_STRING_H 1
| #define HAVE_MEMORY_H 1
| #define HAVE_STRINGS_H 1
| #define HAVE_INTTYPES_H 1
| #define HAVE_STDINT_H 1
| #define HAVE_UNISTD_H 1
| #define __EXTENSIONS__ 1
| #define _ALL_SOURCE 1
| #define _GNU_SOURCE 1
| #define _POSIX_PTHREAD_SEMANTICS 1
| #define _TANDEM_SOURCE 1
| #define HAVE_DLFCN_H 1
| #define LT_OBJDIR ".libs/"
| #define HAVE_DLFCN_H 1
| #define USE_SECUREPLT 1
| #define DEFAULT_LD_Z_SEPARATE_CODE 1
| #define ENABLE_NLS 1
| #define SIZEOF_LONG_LONG 8
| #define SIZEOF_VOID_P 8
| #define SIZEOF_LONG 8
| #define SIZEOF_INT 4
| #define HAVE_FCNTL_H 1
| #define HAVE_SYS_FILE_H 1
| #define HAVE_SYS_RESOURCE_H 1
| #define HAVE_SYS_STAT_H 1
| #define HAVE_SYS_TYPES_H 1
| #define HAVE_UNISTD_H 1
| #define HAVE_FCNTL 1
| #define HAVE_FDOPEN 1
| #define HAVE_FILENO 1
| #define HAVE_GETGID 1
| #define HAVE_GETPAGESIZE 1
| #define HAVE_GETRLIMIT 1
| #define HAVE_GETUID 1
| #define HAVE_SYSCONF 1
| #define HAVE_DECL_BASENAME 1
| #define HAVE_DECL_FFS 1
| #define HAVE_DECL_STPCPY 1
| #define HAVE_DECL_ASPRINTF 1
| #define HAVE_DECL_VASPRINTF 1
| #define HAVE_HIDDEN 1
| #define _STRUCTURED_PROC 1
| #define HAVE_SYS_PROCFS_H 1
| #define HAVE_PRSTATUS_T 1
| /* end confdefs.h.  */
| 
| #define _SYSCALL32
| #include <sys/procfs.h>
| int
| main ()
| {
| prstatus_t avar; void* aref = (void*) &avar.pr_who
|   ;
|   return 0;
| }
configure:13970: result: no
configure:13974: checking for prstatus32_t.pr_who in sys/procfs.h
configure:13992: gcc -c -g -O2      conftest.c >&5
conftest.c: In function 'main':
conftest.c:65:1: error: unknown type name 'prstatus32_t'; did you mean 'prstatus_t'?
   65 | prstatus32_t avar; void* aref = (void*) &avar.pr_who
      | ^~~~~~~~~~~~
      | prstatus_t
conftest.c:65:46: error: request for member 'pr_who' in something not a structure or union
   65 | prstatus32_t avar; void* aref = (void*) &avar.pr_who
      |                                              ^
configure:13992: $? = 1
configure: failed program was:
| /* confdefs.h */
| #define PACKAGE_NAME "bfd"
| #define PACKAGE_TARNAME "bfd"
| #define PACKAGE_VERSION "2.37.50"
| #define PACKAGE_STRING "bfd 2.37.50"
| #define PACKAGE_BUGREPORT ""
| #define PACKAGE_URL ""
| #define PACKAGE "bfd"
| #define VERSION "2.37.50"
| #define STDC_HEADERS 1
| #define HAVE_SYS_TYPES_H 1
| #define HAVE_SYS_STAT_H 1
| #define HAVE_STDLIB_H 1
| #define HAVE_STRING_H 1
| #define HAVE_MEMORY_H 1
| #define HAVE_STRINGS_H 1
| #define HAVE_INTTYPES_H 1
| #define HAVE_STDINT_H 1
| #define HAVE_UNISTD_H 1
| #define __EXTENSIONS__ 1
| #define _ALL_SOURCE 1
| #define _GNU_SOURCE 1
| #define _POSIX_PTHREAD_SEMANTICS 1
| #define _TANDEM_SOURCE 1
| #define HAVE_DLFCN_H 1
| #define LT_OBJDIR ".libs/"
| #define HAVE_DLFCN_H 1
| #define USE_SECUREPLT 1
| #define DEFAULT_LD_Z_SEPARATE_CODE 1
| #define ENABLE_NLS 1
| #define SIZEOF_LONG_LONG 8
| #define SIZEOF_VOID_P 8
| #define SIZEOF_LONG 8
| #define SIZEOF_INT 4
| #define HAVE_FCNTL_H 1
| #define HAVE_SYS_FILE_H 1
| #define HAVE_SYS_RESOURCE_H 1
| #define HAVE_SYS_STAT_H 1
| #define HAVE_SYS_TYPES_H 1
| #define HAVE_UNISTD_H 1
| #define HAVE_FCNTL 1
| #define HAVE_FDOPEN 1
| #define HAVE_FILENO 1
| #define HAVE_GETGID 1
| #define HAVE_GETPAGESIZE 1
| #define HAVE_GETRLIMIT 1
| #define HAVE_GETUID 1
| #define HAVE_SYSCONF 1
| #define HAVE_DECL_BASENAME 1
| #define HAVE_DECL_FFS 1
| #define HAVE_DECL_STPCPY 1
| #define HAVE_DECL_ASPRINTF 1
| #define HAVE_DECL_VASPRINTF 1
| #define HAVE_HIDDEN 1
| #define _STRUCTURED_PROC 1
| #define HAVE_SYS_PROCFS_H 1
| #define HAVE_PRSTATUS_T 1
| /* end confdefs.h.  */
| 
| #define _SYSCALL32
| #include <sys/procfs.h>
| int
| main ()
| {
| prstatus32_t avar; void* aref = (void*) &avar.pr_who
|   ;
|   return 0;
| }
configure:14006: result: no
configure:14010: checking for pstatus_t in sys/procfs.h
configure:14028: gcc -c -g -O2      conftest.c >&5
conftest.c: In function 'main':
conftest.c:65:1: error: unknown type name 'pstatus_t'; did you mean 'prstatus_t'?
   65 | pstatus_t avar
      | ^~~~~~~~~
      | prstatus_t
configure:14028: $? = 1
configure: failed program was:
| /* confdefs.h */
| #define PACKAGE_NAME "bfd"
| #define PACKAGE_TARNAME "bfd"
| #define PACKAGE_VERSION "2.37.50"
| #define PACKAGE_STRING "bfd 2.37.50"
| #define PACKAGE_BUGREPORT ""
| #define PACKAGE_URL ""
| #define PACKAGE "bfd"
| #define VERSION "2.37.50"
| #define STDC_HEADERS 1
| #define HAVE_SYS_TYPES_H 1
| #define HAVE_SYS_STAT_H 1
| #define HAVE_STDLIB_H 1
| #define HAVE_STRING_H 1
| #define HAVE_MEMORY_H 1
| #define HAVE_STRINGS_H 1
| #define HAVE_INTTYPES_H 1
| #define HAVE_STDINT_H 1
| #define HAVE_UNISTD_H 1
| #define __EXTENSIONS__ 1
| #define _ALL_SOURCE 1
| #define _GNU_SOURCE 1
| #define _POSIX_PTHREAD_SEMANTICS 1
| #define _TANDEM_SOURCE 1
| #define HAVE_DLFCN_H 1
| #define LT_OBJDIR ".libs/"
| #define HAVE_DLFCN_H 1
| #define USE_SECUREPLT 1
| #define DEFAULT_LD_Z_SEPARATE_CODE 1
| #define ENABLE_NLS 1
| #define SIZEOF_LONG_LONG 8
| #define SIZEOF_VOID_P 8
| #define SIZEOF_LONG 8
| #define SIZEOF_INT 4
| #define HAVE_FCNTL_H 1
| #define HAVE_SYS_FILE_H 1
| #define HAVE_SYS_RESOURCE_H 1
| #define HAVE_SYS_STAT_H 1
| #define HAVE_SYS_TYPES_H 1
| #define HAVE_UNISTD_H 1
| #define HAVE_FCNTL 1
| #define HAVE_FDOPEN 1
| #define HAVE_FILENO 1
| #define HAVE_GETGID 1
| #define HAVE_GETPAGESIZE 1
| #define HAVE_GETRLIMIT 1
| #define HAVE_GETUID 1
| #define HAVE_SYSCONF 1
| #define HAVE_DECL_BASENAME 1
| #define HAVE_DECL_FFS 1
| #define HAVE_DECL_STPCPY 1
| #define HAVE_DECL_ASPRINTF 1
| #define HAVE_DECL_VASPRINTF 1
| #define HAVE_HIDDEN 1
| #define _STRUCTURED_PROC 1
| #define HAVE_SYS_PROCFS_H 1
| #define HAVE_PRSTATUS_T 1
| /* end confdefs.h.  */
| 
| #define _SYSCALL32
| #include <sys/procfs.h>
| int
| main ()
| {
| pstatus_t avar
|   ;
|   return 0;
| }
configure:14042: result: no
configure:14046: checking for pxstatus_t in sys/procfs.h
configure:14064: gcc -c -g -O2      conftest.c >&5
conftest.c: In function 'main':
conftest.c:65:1: error: unknown type name 'pxstatus_t'; did you mean 'prstatus_t'?
   65 | pxstatus_t avar
      | ^~~~~~~~~~
      | prstatus_t
configure:14064: $? = 1
configure: failed program was:
| /* confdefs.h */
| #define PACKAGE_NAME "bfd"
| #define PACKAGE_TARNAME "bfd"
| #define PACKAGE_VERSION "2.37.50"
| #define PACKAGE_STRING "bfd 2.37.50"
| #define PACKAGE_BUGREPORT ""
| #define PACKAGE_URL ""
| #define PACKAGE "bfd"
| #define VERSION "2.37.50"
| #define STDC_HEADERS 1
| #define HAVE_SYS_TYPES_H 1
| #define HAVE_SYS_STAT_H 1
| #define HAVE_STDLIB_H 1
| #define HAVE_STRING_H 1
| #define HAVE_MEMORY_H 1
| #define HAVE_STRINGS_H 1
| #define HAVE_INTTYPES_H 1
| #define HAVE_STDINT_H 1
| #define HAVE_UNISTD_H 1
| #define __EXTENSIONS__ 1
| #define _ALL_SOURCE 1
| #define _GNU_SOURCE 1
| #define _POSIX_PTHREAD_SEMANTICS 1
| #define _TANDEM_SOURCE 1
| #define HAVE_DLFCN_H 1
| #define LT_OBJDIR ".libs/"
| #define HAVE_DLFCN_H 1
| #define USE_SECUREPLT 1
| #define DEFAULT_LD_Z_SEPARATE_CODE 1
| #define ENABLE_NLS 1
| #define SIZEOF_LONG_LONG 8
| #define SIZEOF_VOID_P 8
| #define SIZEOF_LONG 8
| #define SIZEOF_INT 4
| #define HAVE_FCNTL_H 1
| #define HAVE_SYS_FILE_H 1
| #define HAVE_SYS_RESOURCE_H 1
| #define HAVE_SYS_STAT_H 1
| #define HAVE_SYS_TYPES_H 1
| #define HAVE_UNISTD_H 1
| #define HAVE_FCNTL 1
| #define HAVE_FDOPEN 1
| #define HAVE_FILENO 1
| #define HAVE_GETGID 1
| #define HAVE_GETPAGESIZE 1
| #define HAVE_GETRLIMIT 1
| #define HAVE_GETUID 1
| #define HAVE_SYSCONF 1
| #define HAVE_DECL_BASENAME 1
| #define HAVE_DECL_FFS 1
| #define HAVE_DECL_STPCPY 1
| #define HAVE_DECL_ASPRINTF 1
| #define HAVE_DECL_VASPRINTF 1
| #define HAVE_HIDDEN 1
| #define _STRUCTURED_PROC 1
| #define HAVE_SYS_PROCFS_H 1
| #define HAVE_PRSTATUS_T 1
| /* end confdefs.h.  */
| 
| #define _SYSCALL32
| #include <sys/procfs.h>
| int
| main ()
| {
| pxstatus_t avar
|   ;
|   return 0;
| }
configure:14078: result: no
configure:14082: checking for pstatus32_t in sys/procfs.h
configure:14100: gcc -c -g -O2      conftest.c >&5
conftest.c: In function 'main':
conftest.c:65:1: error: unknown type name 'pstatus32_t'; did you mean 'prstatus_t'?
   65 | pstatus32_t avar
      | ^~~~~~~~~~~
      | prstatus_t
configure:14100: $? = 1
configure: failed program was:
| /* confdefs.h */
| #define PACKAGE_NAME "bfd"
| #define PACKAGE_TARNAME "bfd"
| #define PACKAGE_VERSION "2.37.50"
| #define PACKAGE_STRING "bfd 2.37.50"
| #define PACKAGE_BUGREPORT ""
| #define PACKAGE_URL ""
| #define PACKAGE "bfd"
| #define VERSION "2.37.50"
| #define STDC_HEADERS 1
| #define HAVE_SYS_TYPES_H 1
| #define HAVE_SYS_STAT_H 1
| #define HAVE_STDLIB_H 1
| #define HAVE_STRING_H 1
| #define HAVE_MEMORY_H 1
| #define HAVE_STRINGS_H 1
| #define HAVE_INTTYPES_H 1
| #define HAVE_STDINT_H 1
| #define HAVE_UNISTD_H 1
| #define __EXTENSIONS__ 1
| #define _ALL_SOURCE 1
| #define _GNU_SOURCE 1
| #define _POSIX_PTHREAD_SEMANTICS 1
| #define _TANDEM_SOURCE 1
| #define HAVE_DLFCN_H 1
| #define LT_OBJDIR ".libs/"
| #define HAVE_DLFCN_H 1
| #define USE_SECUREPLT 1
| #define DEFAULT_LD_Z_SEPARATE_CODE 1
| #define ENABLE_NLS 1
| #define SIZEOF_LONG_LONG 8
| #define SIZEOF_VOID_P 8
| #define SIZEOF_LONG 8
| #define SIZEOF_INT 4
| #define HAVE_FCNTL_H 1
| #define HAVE_SYS_FILE_H 1
| #define HAVE_SYS_RESOURCE_H 1
| #define HAVE_SYS_STAT_H 1
| #define HAVE_SYS_TYPES_H 1
| #define HAVE_UNISTD_H 1
| #define HAVE_FCNTL 1
| #define HAVE_FDOPEN 1
| #define HAVE_FILENO 1
| #define HAVE_GETGID 1
| #define HAVE_GETPAGESIZE 1
| #define HAVE_GETRLIMIT 1
| #define HAVE_GETUID 1
| #define HAVE_SYSCONF 1
| #define HAVE_DECL_BASENAME 1
| #define HAVE_DECL_FFS 1
| #define HAVE_DECL_STPCPY 1
| #define HAVE_DECL_ASPRINTF 1
| #define HAVE_DECL_VASPRINTF 1
| #define HAVE_HIDDEN 1
| #define _STRUCTURED_PROC 1
| #define HAVE_SYS_PROCFS_H 1
| #define HAVE_PRSTATUS_T 1
| /* end confdefs.h.  */
| 
| #define _SYSCALL32
| #include <sys/procfs.h>
| int
| main ()
| {
| pstatus32_t avar
|   ;
|   return 0;
| }
configure:14114: result: no
configure:14118: checking for prpsinfo_t in sys/procfs.h
configure:14136: gcc -c -g -O2      conftest.c >&5
configure:14136: $? = 0
configure:14150: result: yes
configure:14154: checking for prpsinfo_t.pr_pid in sys/procfs.h
configure:14172: gcc -c -g -O2      conftest.c >&5
configure:14172: $? = 0
configure:14186: result: yes
configure:14190: checking for prpsinfo32_t in sys/procfs.h
configure:14208: gcc -c -g -O2      conftest.c >&5
conftest.c: In function 'main':
conftest.c:67:1: error: unknown type name 'prpsinfo32_t'; did you mean 'prpsinfo_t'?
   67 | prpsinfo32_t avar
      | ^~~~~~~~~~~~
      | prpsinfo_t
configure:14208: $? = 1
configure: failed program was:
| /* confdefs.h */
| #define PACKAGE_NAME "bfd"
| #define PACKAGE_TARNAME "bfd"
| #define PACKAGE_VERSION "2.37.50"
| #define PACKAGE_STRING "bfd 2.37.50"
| #define PACKAGE_BUGREPORT ""
| #define PACKAGE_URL ""
| #define PACKAGE "bfd"
| #define VERSION "2.37.50"
| #define STDC_HEADERS 1
| #define HAVE_SYS_TYPES_H 1
| #define HAVE_SYS_STAT_H 1
| #define HAVE_STDLIB_H 1
| #define HAVE_STRING_H 1
| #define HAVE_MEMORY_H 1
| #define HAVE_STRINGS_H 1
| #define HAVE_INTTYPES_H 1
| #define HAVE_STDINT_H 1
| #define HAVE_UNISTD_H 1
| #define __EXTENSIONS__ 1
| #define _ALL_SOURCE 1
| #define _GNU_SOURCE 1
| #define _POSIX_PTHREAD_SEMANTICS 1
| #define _TANDEM_SOURCE 1
| #define HAVE_DLFCN_H 1
| #define LT_OBJDIR ".libs/"
| #define HAVE_DLFCN_H 1
| #define USE_SECUREPLT 1
| #define DEFAULT_LD_Z_SEPARATE_CODE 1
| #define ENABLE_NLS 1
| #define SIZEOF_LONG_LONG 8
| #define SIZEOF_VOID_P 8
| #define SIZEOF_LONG 8
| #define SIZEOF_INT 4
| #define HAVE_FCNTL_H 1
| #define HAVE_SYS_FILE_H 1
| #define HAVE_SYS_RESOURCE_H 1
| #define HAVE_SYS_STAT_H 1
| #define HAVE_SYS_TYPES_H 1
| #define HAVE_UNISTD_H 1
| #define HAVE_FCNTL 1
| #define HAVE_FDOPEN 1
| #define HAVE_FILENO 1
| #define HAVE_GETGID 1
| #define HAVE_GETPAGESIZE 1
| #define HAVE_GETRLIMIT 1
| #define HAVE_GETUID 1
| #define HAVE_SYSCONF 1
| #define HAVE_DECL_BASENAME 1
| #define HAVE_DECL_FFS 1
| #define HAVE_DECL_STPCPY 1
| #define HAVE_DECL_ASPRINTF 1
| #define HAVE_DECL_VASPRINTF 1
| #define HAVE_HIDDEN 1
| #define _STRUCTURED_PROC 1
| #define HAVE_SYS_PROCFS_H 1
| #define HAVE_PRSTATUS_T 1
| #define HAVE_PRPSINFO_T 1
| #define HAVE_PRPSINFO_T_PR_PID 1
| /* end confdefs.h.  */
| 
| #define _SYSCALL32
| #include <sys/procfs.h>
| int
| main ()
| {
| prpsinfo32_t avar
|   ;
|   return 0;
| }
configure:14222: result: no
configure:14226: checking for prpsinfo32_t.pr_pid in sys/procfs.h
configure:14244: gcc -c -g -O2      conftest.c >&5
conftest.c: In function 'main':
conftest.c:67:1: error: unknown type name 'prpsinfo32_t'; did you mean 'prpsinfo_t'?
   67 | prpsinfo32_t avar; void* aref = (void*) &avar.pr_pid
      | ^~~~~~~~~~~~
      | prpsinfo_t
conftest.c:67:46: error: request for member 'pr_pid' in something not a structure or union
   67 | prpsinfo32_t avar; void* aref = (void*) &avar.pr_pid
      |                                              ^
configure:14244: $? = 1
configure: failed program was:
| /* confdefs.h */
| #define PACKAGE_NAME "bfd"
| #define PACKAGE_TARNAME "bfd"
| #define PACKAGE_VERSION "2.37.50"
| #define PACKAGE_STRING "bfd 2.37.50"
| #define PACKAGE_BUGREPORT ""
| #define PACKAGE_URL ""
| #define PACKAGE "bfd"
| #define VERSION "2.37.50"
| #define STDC_HEADERS 1
| #define HAVE_SYS_TYPES_H 1
| #define HAVE_SYS_STAT_H 1
| #define HAVE_STDLIB_H 1
| #define HAVE_STRING_H 1
| #define HAVE_MEMORY_H 1
| #define HAVE_STRINGS_H 1
| #define HAVE_INTTYPES_H 1
| #define HAVE_STDINT_H 1
| #define HAVE_UNISTD_H 1
| #define __EXTENSIONS__ 1
| #define _ALL_SOURCE 1
| #define _GNU_SOURCE 1
| #define _POSIX_PTHREAD_SEMANTICS 1
| #define _TANDEM_SOURCE 1
| #define HAVE_DLFCN_H 1
| #define LT_OBJDIR ".libs/"
| #define HAVE_DLFCN_H 1
| #define USE_SECUREPLT 1
| #define DEFAULT_LD_Z_SEPARATE_CODE 1
| #define ENABLE_NLS 1
| #define SIZEOF_LONG_LONG 8
| #define SIZEOF_VOID_P 8
| #define SIZEOF_LONG 8
| #define SIZEOF_INT 4
| #define HAVE_FCNTL_H 1
| #define HAVE_SYS_FILE_H 1
| #define HAVE_SYS_RESOURCE_H 1
| #define HAVE_SYS_STAT_H 1
| #define HAVE_SYS_TYPES_H 1
| #define HAVE_UNISTD_H 1
| #define HAVE_FCNTL 1
| #define HAVE_FDOPEN 1
| #define HAVE_FILENO 1
| #define HAVE_GETGID 1
| #define HAVE_GETPAGESIZE 1
| #define HAVE_GETRLIMIT 1
| #define HAVE_GETUID 1
| #define HAVE_SYSCONF 1
| #define HAVE_DECL_BASENAME 1
| #define HAVE_DECL_FFS 1
| #define HAVE_DECL_STPCPY 1
| #define HAVE_DECL_ASPRINTF 1
| #define HAVE_DECL_VASPRINTF 1
| #define HAVE_HIDDEN 1
| #define _STRUCTURED_PROC 1
| #define HAVE_SYS_PROCFS_H 1
| #define HAVE_PRSTATUS_T 1
| #define HAVE_PRPSINFO_T 1
| #define HAVE_PRPSINFO_T_PR_PID 1
| /* end confdefs.h.  */
| 
| #define _SYSCALL32
| #include <sys/procfs.h>
| int
| main ()
| {
| prpsinfo32_t avar; void* aref = (void*) &avar.pr_pid
|   ;
|   return 0;
| }
configure:14258: result: no
configure:14262: checking for psinfo_t in sys/procfs.h
configure:14280: gcc -c -g -O2      conftest.c >&5
conftest.c: In function 'main':
conftest.c:67:1: error: unknown type name 'psinfo_t'; did you mean 'prpsinfo_t'?
   67 | psinfo_t avar
      | ^~~~~~~~
      | prpsinfo_t
configure:14280: $? = 1
configure: failed program was:
| /* confdefs.h */
| #define PACKAGE_NAME "bfd"
| #define PACKAGE_TARNAME "bfd"
| #define PACKAGE_VERSION "2.37.50"
| #define PACKAGE_STRING "bfd 2.37.50"
| #define PACKAGE_BUGREPORT ""
| #define PACKAGE_URL ""
| #define PACKAGE "bfd"
| #define VERSION "2.37.50"
| #define STDC_HEADERS 1
| #define HAVE_SYS_TYPES_H 1
| #define HAVE_SYS_STAT_H 1
| #define HAVE_STDLIB_H 1
| #define HAVE_STRING_H 1
| #define HAVE_MEMORY_H 1
| #define HAVE_STRINGS_H 1
| #define HAVE_INTTYPES_H 1
| #define HAVE_STDINT_H 1
| #define HAVE_UNISTD_H 1
| #define __EXTENSIONS__ 1
| #define _ALL_SOURCE 1
| #define _GNU_SOURCE 1
| #define _POSIX_PTHREAD_SEMANTICS 1
| #define _TANDEM_SOURCE 1
| #define HAVE_DLFCN_H 1
| #define LT_OBJDIR ".libs/"
| #define HAVE_DLFCN_H 1
| #define USE_SECUREPLT 1
| #define DEFAULT_LD_Z_SEPARATE_CODE 1
| #define ENABLE_NLS 1
| #define SIZEOF_LONG_LONG 8
| #define SIZEOF_VOID_P 8
| #define SIZEOF_LONG 8
| #define SIZEOF_INT 4
| #define HAVE_FCNTL_H 1
| #define HAVE_SYS_FILE_H 1
| #define HAVE_SYS_RESOURCE_H 1
| #define HAVE_SYS_STAT_H 1
| #define HAVE_SYS_TYPES_H 1
| #define HAVE_UNISTD_H 1
| #define HAVE_FCNTL 1
| #define HAVE_FDOPEN 1
| #define HAVE_FILENO 1
| #define HAVE_GETGID 1
| #define HAVE_GETPAGESIZE 1
| #define HAVE_GETRLIMIT 1
| #define HAVE_GETUID 1
| #define HAVE_SYSCONF 1
| #define HAVE_DECL_BASENAME 1
| #define HAVE_DECL_FFS 1
| #define HAVE_DECL_STPCPY 1
| #define HAVE_DECL_ASPRINTF 1
| #define HAVE_DECL_VASPRINTF 1
| #define HAVE_HIDDEN 1
| #define _STRUCTURED_PROC 1
| #define HAVE_SYS_PROCFS_H 1
| #define HAVE_PRSTATUS_T 1
| #define HAVE_PRPSINFO_T 1
| #define HAVE_PRPSINFO_T_PR_PID 1
| /* end confdefs.h.  */
| 
| #define _SYSCALL32
| #include <sys/procfs.h>
| int
| main ()
| {
| psinfo_t avar
|   ;
|   return 0;
| }
configure:14294: result: no
configure:14298: checking for psinfo_t.pr_pid in sys/procfs.h
configure:14316: gcc -c -g -O2      conftest.c >&5
conftest.c: In function 'main':
conftest.c:67:1: error: unknown type name 'psinfo_t'; did you mean 'prpsinfo_t'?
   67 | psinfo_t avar; void* aref = (void*) &avar.pr_pid
      | ^~~~~~~~
      | prpsinfo_t
conftest.c:67:42: error: request for member 'pr_pid' in something not a structure or union
   67 | psinfo_t avar; void* aref = (void*) &avar.pr_pid
      |                                          ^
configure:14316: $? = 1
configure: failed program was:
| /* confdefs.h */
| #define PACKAGE_NAME "bfd"
| #define PACKAGE_TARNAME "bfd"
| #define PACKAGE_VERSION "2.37.50"
| #define PACKAGE_STRING "bfd 2.37.50"
| #define PACKAGE_BUGREPORT ""
| #define PACKAGE_URL ""
| #define PACKAGE "bfd"
| #define VERSION "2.37.50"
| #define STDC_HEADERS 1
| #define HAVE_SYS_TYPES_H 1
| #define HAVE_SYS_STAT_H 1
| #define HAVE_STDLIB_H 1
| #define HAVE_STRING_H 1
| #define HAVE_MEMORY_H 1
| #define HAVE_STRINGS_H 1
| #define HAVE_INTTYPES_H 1
| #define HAVE_STDINT_H 1
| #define HAVE_UNISTD_H 1
| #define __EXTENSIONS__ 1
| #define _ALL_SOURCE 1
| #define _GNU_SOURCE 1
| #define _POSIX_PTHREAD_SEMANTICS 1
| #define _TANDEM_SOURCE 1
| #define HAVE_DLFCN_H 1
| #define LT_OBJDIR ".libs/"
| #define HAVE_DLFCN_H 1
| #define USE_SECUREPLT 1
| #define DEFAULT_LD_Z_SEPARATE_CODE 1
| #define ENABLE_NLS 1
| #define SIZEOF_LONG_LONG 8
| #define SIZEOF_VOID_P 8
| #define SIZEOF_LONG 8
| #define SIZEOF_INT 4
| #define HAVE_FCNTL_H 1
| #define HAVE_SYS_FILE_H 1
| #define HAVE_SYS_RESOURCE_H 1
| #define HAVE_SYS_STAT_H 1
| #define HAVE_SYS_TYPES_H 1
| #define HAVE_UNISTD_H 1
| #define HAVE_FCNTL 1
| #define HAVE_FDOPEN 1
| #define HAVE_FILENO 1
| #define HAVE_GETGID 1
| #define HAVE_GETPAGESIZE 1
| #define HAVE_GETRLIMIT 1
| #define HAVE_GETUID 1
| #define HAVE_SYSCONF 1
| #define HAVE_DECL_BASENAME 1
| #define HAVE_DECL_FFS 1
| #define HAVE_DECL_STPCPY 1
| #define HAVE_DECL_ASPRINTF 1
| #define HAVE_DECL_VASPRINTF 1
| #define HAVE_HIDDEN 1
| #define _STRUCTURED_PROC 1
| #define HAVE_SYS_PROCFS_H 1
| #define HAVE_PRSTATUS_T 1
| #define HAVE_PRPSINFO_T 1
| #define HAVE_PRPSINFO_T_PR_PID 1
| /* end confdefs.h.  */
| 
| #define _SYSCALL32
| #include <sys/procfs.h>
| int
| main ()
| {
| psinfo_t avar; void* aref = (void*) &avar.pr_pid
|   ;
|   return 0;
| }
configure:14330: result: no
configure:14334: checking for psinfo32_t in sys/procfs.h
configure:14352: gcc -c -g -O2      conftest.c >&5
conftest.c: In function 'main':
conftest.c:67:1: error: unknown type name 'psinfo32_t'
   67 | psinfo32_t avar
      | ^~~~~~~~~~
configure:14352: $? = 1
configure: failed program was:
| /* confdefs.h */
| #define PACKAGE_NAME "bfd"
| #define PACKAGE_TARNAME "bfd"
| #define PACKAGE_VERSION "2.37.50"
| #define PACKAGE_STRING "bfd 2.37.50"
| #define PACKAGE_BUGREPORT ""
| #define PACKAGE_URL ""
| #define PACKAGE "bfd"
| #define VERSION "2.37.50"
| #define STDC_HEADERS 1
| #define HAVE_SYS_TYPES_H 1
| #define HAVE_SYS_STAT_H 1
| #define HAVE_STDLIB_H 1
| #define HAVE_STRING_H 1
| #define HAVE_MEMORY_H 1
| #define HAVE_STRINGS_H 1
| #define HAVE_INTTYPES_H 1
| #define HAVE_STDINT_H 1
| #define HAVE_UNISTD_H 1
| #define __EXTENSIONS__ 1
| #define _ALL_SOURCE 1
| #define _GNU_SOURCE 1
| #define _POSIX_PTHREAD_SEMANTICS 1
| #define _TANDEM_SOURCE 1
| #define HAVE_DLFCN_H 1
| #define LT_OBJDIR ".libs/"
| #define HAVE_DLFCN_H 1
| #define USE_SECUREPLT 1
| #define DEFAULT_LD_Z_SEPARATE_CODE 1
| #define ENABLE_NLS 1
| #define SIZEOF_LONG_LONG 8
| #define SIZEOF_VOID_P 8
| #define SIZEOF_LONG 8
| #define SIZEOF_INT 4
| #define HAVE_FCNTL_H 1
| #define HAVE_SYS_FILE_H 1
| #define HAVE_SYS_RESOURCE_H 1
| #define HAVE_SYS_STAT_H 1
| #define HAVE_SYS_TYPES_H 1
| #define HAVE_UNISTD_H 1
| #define HAVE_FCNTL 1
| #define HAVE_FDOPEN 1
| #define HAVE_FILENO 1
| #define HAVE_GETGID 1
| #define HAVE_GETPAGESIZE 1
| #define HAVE_GETRLIMIT 1
| #define HAVE_GETUID 1
| #define HAVE_SYSCONF 1
| #define HAVE_DECL_BASENAME 1
| #define HAVE_DECL_FFS 1
| #define HAVE_DECL_STPCPY 1
| #define HAVE_DECL_ASPRINTF 1
| #define HAVE_DECL_VASPRINTF 1
| #define HAVE_HIDDEN 1
| #define _STRUCTURED_PROC 1
| #define HAVE_SYS_PROCFS_H 1
| #define HAVE_PRSTATUS_T 1
| #define HAVE_PRPSINFO_T 1
| #define HAVE_PRPSINFO_T_PR_PID 1
| /* end confdefs.h.  */
| 
| #define _SYSCALL32
| #include <sys/procfs.h>
| int
| main ()
| {
| psinfo32_t avar
|   ;
|   return 0;
| }
configure:14366: result: no
configure:14370: checking for psinfo32_t.pr_pid in sys/procfs.h
configure:14388: gcc -c -g -O2      conftest.c >&5
conftest.c: In function 'main':
conftest.c:67:1: error: unknown type name 'psinfo32_t'
   67 | psinfo32_t avar; void* aref = (void*) &avar.pr_pid
      | ^~~~~~~~~~
conftest.c:67:44: error: request for member 'pr_pid' in something not a structure or union
   67 | psinfo32_t avar; void* aref = (void*) &avar.pr_pid
      |                                            ^
configure:14388: $? = 1
configure: failed program was:
| /* confdefs.h */
| #define PACKAGE_NAME "bfd"
| #define PACKAGE_TARNAME "bfd"
| #define PACKAGE_VERSION "2.37.50"
| #define PACKAGE_STRING "bfd 2.37.50"
| #define PACKAGE_BUGREPORT ""
| #define PACKAGE_URL ""
| #define PACKAGE "bfd"
| #define VERSION "2.37.50"
| #define STDC_HEADERS 1
| #define HAVE_SYS_TYPES_H 1
| #define HAVE_SYS_STAT_H 1
| #define HAVE_STDLIB_H 1
| #define HAVE_STRING_H 1
| #define HAVE_MEMORY_H 1
| #define HAVE_STRINGS_H 1
| #define HAVE_INTTYPES_H 1
| #define HAVE_STDINT_H 1
| #define HAVE_UNISTD_H 1
| #define __EXTENSIONS__ 1
| #define _ALL_SOURCE 1
| #define _GNU_SOURCE 1
| #define _POSIX_PTHREAD_SEMANTICS 1
| #define _TANDEM_SOURCE 1
| #define HAVE_DLFCN_H 1
| #define LT_OBJDIR ".libs/"
| #define HAVE_DLFCN_H 1
| #define USE_SECUREPLT 1
| #define DEFAULT_LD_Z_SEPARATE_CODE 1
| #define ENABLE_NLS 1
| #define SIZEOF_LONG_LONG 8
| #define SIZEOF_VOID_P 8
| #define SIZEOF_LONG 8
| #define SIZEOF_INT 4
| #define HAVE_FCNTL_H 1
| #define HAVE_SYS_FILE_H 1
| #define HAVE_SYS_RESOURCE_H 1
| #define HAVE_SYS_STAT_H 1
| #define HAVE_SYS_TYPES_H 1
| #define HAVE_UNISTD_H 1
| #define HAVE_FCNTL 1
| #define HAVE_FDOPEN 1
| #define HAVE_FILENO 1
| #define HAVE_GETGID 1
| #define HAVE_GETPAGESIZE 1
| #define HAVE_GETRLIMIT 1
| #define HAVE_GETUID 1
| #define HAVE_SYSCONF 1
| #define HAVE_DECL_BASENAME 1
| #define HAVE_DECL_FFS 1
| #define HAVE_DECL_STPCPY 1
| #define HAVE_DECL_ASPRINTF 1
| #define HAVE_DECL_VASPRINTF 1
| #define HAVE_HIDDEN 1
| #define _STRUCTURED_PROC 1
| #define HAVE_SYS_PROCFS_H 1
| #define HAVE_PRSTATUS_T 1
| #define HAVE_PRPSINFO_T 1
| #define HAVE_PRPSINFO_T_PR_PID 1
| /* end confdefs.h.  */
| 
| #define _SYSCALL32
| #include <sys/procfs.h>
| int
| main ()
| {
| psinfo32_t avar; void* aref = (void*) &avar.pr_pid
|   ;
|   return 0;
| }
configure:14402: result: no
configure:14406: checking for lwpstatus_t in sys/procfs.h
configure:14424: gcc -c -g -O2      conftest.c >&5
conftest.c: In function 'main':
conftest.c:67:1: error: unknown type name 'lwpstatus_t'; did you mean 'prstatus_t'?
   67 | lwpstatus_t avar
      | ^~~~~~~~~~~
      | prstatus_t
configure:14424: $? = 1
configure: failed program was:
| /* confdefs.h */
| #define PACKAGE_NAME "bfd"
| #define PACKAGE_TARNAME "bfd"
| #define PACKAGE_VERSION "2.37.50"
| #define PACKAGE_STRING "bfd 2.37.50"
| #define PACKAGE_BUGREPORT ""
| #define PACKAGE_URL ""
| #define PACKAGE "bfd"
| #define VERSION "2.37.50"
| #define STDC_HEADERS 1
| #define HAVE_SYS_TYPES_H 1
| #define HAVE_SYS_STAT_H 1
| #define HAVE_STDLIB_H 1
| #define HAVE_STRING_H 1
| #define HAVE_MEMORY_H 1
| #define HAVE_STRINGS_H 1
| #define HAVE_INTTYPES_H 1
| #define HAVE_STDINT_H 1
| #define HAVE_UNISTD_H 1
| #define __EXTENSIONS__ 1
| #define _ALL_SOURCE 1
| #define _GNU_SOURCE 1
| #define _POSIX_PTHREAD_SEMANTICS 1
| #define _TANDEM_SOURCE 1
| #define HAVE_DLFCN_H 1
| #define LT_OBJDIR ".libs/"
| #define HAVE_DLFCN_H 1
| #define USE_SECUREPLT 1
| #define DEFAULT_LD_Z_SEPARATE_CODE 1
| #define ENABLE_NLS 1
| #define SIZEOF_LONG_LONG 8
| #define SIZEOF_VOID_P 8
| #define SIZEOF_LONG 8
| #define SIZEOF_INT 4
| #define HAVE_FCNTL_H 1
| #define HAVE_SYS_FILE_H 1
| #define HAVE_SYS_RESOURCE_H 1
| #define HAVE_SYS_STAT_H 1
| #define HAVE_SYS_TYPES_H 1
| #define HAVE_UNISTD_H 1
| #define HAVE_FCNTL 1
| #define HAVE_FDOPEN 1
| #define HAVE_FILENO 1
| #define HAVE_GETGID 1
| #define HAVE_GETPAGESIZE 1
| #define HAVE_GETRLIMIT 1
| #define HAVE_GETUID 1
| #define HAVE_SYSCONF 1
| #define HAVE_DECL_BASENAME 1
| #define HAVE_DECL_FFS 1
| #define HAVE_DECL_STPCPY 1
| #define HAVE_DECL_ASPRINTF 1
| #define HAVE_DECL_VASPRINTF 1
| #define HAVE_HIDDEN 1
| #define _STRUCTURED_PROC 1
| #define HAVE_SYS_PROCFS_H 1
| #define HAVE_PRSTATUS_T 1
| #define HAVE_PRPSINFO_T 1
| #define HAVE_PRPSINFO_T_PR_PID 1
| /* end confdefs.h.  */
| 
| #define _SYSCALL32
| #include <sys/procfs.h>
| int
| main ()
| {
| lwpstatus_t avar
|   ;
|   return 0;
| }
configure:14438: result: no
configure:14442: checking for lwpxstatus_t in sys/procfs.h
configure:14460: gcc -c -g -O2      conftest.c >&5
conftest.c: In function 'main':
conftest.c:67:1: error: unknown type name 'lwpxstatus_t'; did you mean 'prstatus_t'?
   67 | lwpxstatus_t avar
      | ^~~~~~~~~~~~
      | prstatus_t
configure:14460: $? = 1
configure: failed program was:
| /* confdefs.h */
| #define PACKAGE_NAME "bfd"
| #define PACKAGE_TARNAME "bfd"
| #define PACKAGE_VERSION "2.37.50"
| #define PACKAGE_STRING "bfd 2.37.50"
| #define PACKAGE_BUGREPORT ""
| #define PACKAGE_URL ""
| #define PACKAGE "bfd"
| #define VERSION "2.37.50"
| #define STDC_HEADERS 1
| #define HAVE_SYS_TYPES_H 1
| #define HAVE_SYS_STAT_H 1
| #define HAVE_STDLIB_H 1
| #define HAVE_STRING_H 1
| #define HAVE_MEMORY_H 1
| #define HAVE_STRINGS_H 1
| #define HAVE_INTTYPES_H 1
| #define HAVE_STDINT_H 1
| #define HAVE_UNISTD_H 1
| #define __EXTENSIONS__ 1
| #define _ALL_SOURCE 1
| #define _GNU_SOURCE 1
| #define _POSIX_PTHREAD_SEMANTICS 1
| #define _TANDEM_SOURCE 1
| #define HAVE_DLFCN_H 1
| #define LT_OBJDIR ".libs/"
| #define HAVE_DLFCN_H 1
| #define USE_SECUREPLT 1
| #define DEFAULT_LD_Z_SEPARATE_CODE 1
| #define ENABLE_NLS 1
| #define SIZEOF_LONG_LONG 8
| #define SIZEOF_VOID_P 8
| #define SIZEOF_LONG 8
| #define SIZEOF_INT 4
| #define HAVE_FCNTL_H 1
| #define HAVE_SYS_FILE_H 1
| #define HAVE_SYS_RESOURCE_H 1
| #define HAVE_SYS_STAT_H 1
| #define HAVE_SYS_TYPES_H 1
| #define HAVE_UNISTD_H 1
| #define HAVE_FCNTL 1
| #define HAVE_FDOPEN 1
| #define HAVE_FILENO 1
| #define HAVE_GETGID 1
| #define HAVE_GETPAGESIZE 1
| #define HAVE_GETRLIMIT 1
| #define HAVE_GETUID 1
| #define HAVE_SYSCONF 1
| #define HAVE_DECL_BASENAME 1
| #define HAVE_DECL_FFS 1
| #define HAVE_DECL_STPCPY 1
| #define HAVE_DECL_ASPRINTF 1
| #define HAVE_DECL_VASPRINTF 1
| #define HAVE_HIDDEN 1
| #define _STRUCTURED_PROC 1
| #define HAVE_SYS_PROCFS_H 1
| #define HAVE_PRSTATUS_T 1
| #define HAVE_PRPSINFO_T 1
| #define HAVE_PRPSINFO_T_PR_PID 1
| /* end confdefs.h.  */
| 
| #define _SYSCALL32
| #include <sys/procfs.h>
| int
| main ()
| {
| lwpxstatus_t avar
|   ;
|   return 0;
| }
configure:14474: result: no
configure:14478: checking for lwpstatus_t.pr_context in sys/procfs.h
configure:14496: gcc -c -g -O2      conftest.c >&5
conftest.c: In function 'main':
conftest.c:67:1: error: unknown type name 'lwpstatus_t'; did you mean 'prstatus_t'?
   67 | lwpstatus_t avar; void* aref = (void*) &avar.pr_context
      | ^~~~~~~~~~~
      | prstatus_t
conftest.c:67:45: error: request for member 'pr_context' in something not a structure or union
   67 | lwpstatus_t avar; void* aref = (void*) &avar.pr_context
      |                                             ^
configure:14496: $? = 1
configure: failed program was:
| /* confdefs.h */
| #define PACKAGE_NAME "bfd"
| #define PACKAGE_TARNAME "bfd"
| #define PACKAGE_VERSION "2.37.50"
| #define PACKAGE_STRING "bfd 2.37.50"
| #define PACKAGE_BUGREPORT ""
| #define PACKAGE_URL ""
| #define PACKAGE "bfd"
| #define VERSION "2.37.50"
| #define STDC_HEADERS 1
| #define HAVE_SYS_TYPES_H 1
| #define HAVE_SYS_STAT_H 1
| #define HAVE_STDLIB_H 1
| #define HAVE_STRING_H 1
| #define HAVE_MEMORY_H 1
| #define HAVE_STRINGS_H 1
| #define HAVE_INTTYPES_H 1
| #define HAVE_STDINT_H 1
| #define HAVE_UNISTD_H 1
| #define __EXTENSIONS__ 1
| #define _ALL_SOURCE 1
| #define _GNU_SOURCE 1
| #define _POSIX_PTHREAD_SEMANTICS 1
| #define _TANDEM_SOURCE 1
| #define HAVE_DLFCN_H 1
| #define LT_OBJDIR ".libs/"
| #define HAVE_DLFCN_H 1
| #define USE_SECUREPLT 1
| #define DEFAULT_LD_Z_SEPARATE_CODE 1
| #define ENABLE_NLS 1
| #define SIZEOF_LONG_LONG 8
| #define SIZEOF_VOID_P 8
| #define SIZEOF_LONG 8
| #define SIZEOF_INT 4
| #define HAVE_FCNTL_H 1
| #define HAVE_SYS_FILE_H 1
| #define HAVE_SYS_RESOURCE_H 1
| #define HAVE_SYS_STAT_H 1
| #define HAVE_SYS_TYPES_H 1
| #define HAVE_UNISTD_H 1
| #define HAVE_FCNTL 1
| #define HAVE_FDOPEN 1
| #define HAVE_FILENO 1
| #define HAVE_GETGID 1
| #define HAVE_GETPAGESIZE 1
| #define HAVE_GETRLIMIT 1
| #define HAVE_GETUID 1
| #define HAVE_SYSCONF 1
| #define HAVE_DECL_BASENAME 1
| #define HAVE_DECL_FFS 1
| #define HAVE_DECL_STPCPY 1
| #define HAVE_DECL_ASPRINTF 1
| #define HAVE_DECL_VASPRINTF 1
| #define HAVE_HIDDEN 1
| #define _STRUCTURED_PROC 1
| #define HAVE_SYS_PROCFS_H 1
| #define HAVE_PRSTATUS_T 1
| #define HAVE_PRPSINFO_T 1
| #define HAVE_PRPSINFO_T_PR_PID 1
| /* end confdefs.h.  */
| 
| #define _SYSCALL32
| #include <sys/procfs.h>
| int
| main ()
| {
| lwpstatus_t avar; void* aref = (void*) &avar.pr_context
|   ;
|   return 0;
| }
configure:14510: result: no
configure:14514: checking for lwpstatus_t.pr_reg in sys/procfs.h
configure:14532: gcc -c -g -O2      conftest.c >&5
conftest.c: In function 'main':
conftest.c:67:1: error: unknown type name 'lwpstatus_t'; did you mean 'prstatus_t'?
   67 | lwpstatus_t avar; void* aref = (void*) &avar.pr_reg
      | ^~~~~~~~~~~
      | prstatus_t
conftest.c:67:45: error: request for member 'pr_reg' in something not a structure or union
   67 | lwpstatus_t avar; void* aref = (void*) &avar.pr_reg
      |                                             ^
configure:14532: $? = 1
configure: failed program was:
| /* confdefs.h */
| #define PACKAGE_NAME "bfd"
| #define PACKAGE_TARNAME "bfd"
| #define PACKAGE_VERSION "2.37.50"
| #define PACKAGE_STRING "bfd 2.37.50"
| #define PACKAGE_BUGREPORT ""
| #define PACKAGE_URL ""
| #define PACKAGE "bfd"
| #define VERSION "2.37.50"
| #define STDC_HEADERS 1
| #define HAVE_SYS_TYPES_H 1
| #define HAVE_SYS_STAT_H 1
| #define HAVE_STDLIB_H 1
| #define HAVE_STRING_H 1
| #define HAVE_MEMORY_H 1
| #define HAVE_STRINGS_H 1
| #define HAVE_INTTYPES_H 1
| #define HAVE_STDINT_H 1
| #define HAVE_UNISTD_H 1
| #define __EXTENSIONS__ 1
| #define _ALL_SOURCE 1
| #define _GNU_SOURCE 1
| #define _POSIX_PTHREAD_SEMANTICS 1
| #define _TANDEM_SOURCE 1
| #define HAVE_DLFCN_H 1
| #define LT_OBJDIR ".libs/"
| #define HAVE_DLFCN_H 1
| #define USE_SECUREPLT 1
| #define DEFAULT_LD_Z_SEPARATE_CODE 1
| #define ENABLE_NLS 1
| #define SIZEOF_LONG_LONG 8
| #define SIZEOF_VOID_P 8
| #define SIZEOF_LONG 8
| #define SIZEOF_INT 4
| #define HAVE_FCNTL_H 1
| #define HAVE_SYS_FILE_H 1
| #define HAVE_SYS_RESOURCE_H 1
| #define HAVE_SYS_STAT_H 1
| #define HAVE_SYS_TYPES_H 1
| #define HAVE_UNISTD_H 1
| #define HAVE_FCNTL 1
| #define HAVE_FDOPEN 1
| #define HAVE_FILENO 1
| #define HAVE_GETGID 1
| #define HAVE_GETPAGESIZE 1
| #define HAVE_GETRLIMIT 1
| #define HAVE_GETUID 1
| #define HAVE_SYSCONF 1
| #define HAVE_DECL_BASENAME 1
| #define HAVE_DECL_FFS 1
| #define HAVE_DECL_STPCPY 1
| #define HAVE_DECL_ASPRINTF 1
| #define HAVE_DECL_VASPRINTF 1
| #define HAVE_HIDDEN 1
| #define _STRUCTURED_PROC 1
| #define HAVE_SYS_PROCFS_H 1
| #define HAVE_PRSTATUS_T 1
| #define HAVE_PRPSINFO_T 1
| #define HAVE_PRPSINFO_T_PR_PID 1
| /* end confdefs.h.  */
| 
| #define _SYSCALL32
| #include <sys/procfs.h>
| int
| main ()
| {
| lwpstatus_t avar; void* aref = (void*) &avar.pr_reg
|   ;
|   return 0;
| }
configure:14546: result: no
configure:14550: checking for lwpstatus_t.pr_fpreg in sys/procfs.h
configure:14568: gcc -c -g -O2      conftest.c >&5
conftest.c: In function 'main':
conftest.c:67:1: error: unknown type name 'lwpstatus_t'; did you mean 'prstatus_t'?
   67 | lwpstatus_t avar; void* aref = (void*) &avar.pr_fpreg
      | ^~~~~~~~~~~
      | prstatus_t
conftest.c:67:45: error: request for member 'pr_fpreg' in something not a structure or union
   67 | lwpstatus_t avar; void* aref = (void*) &avar.pr_fpreg
      |                                             ^
configure:14568: $? = 1
configure: failed program was:
| /* confdefs.h */
| #define PACKAGE_NAME "bfd"
| #define PACKAGE_TARNAME "bfd"
| #define PACKAGE_VERSION "2.37.50"
| #define PACKAGE_STRING "bfd 2.37.50"
| #define PACKAGE_BUGREPORT ""
| #define PACKAGE_URL ""
| #define PACKAGE "bfd"
| #define VERSION "2.37.50"
| #define STDC_HEADERS 1
| #define HAVE_SYS_TYPES_H 1
| #define HAVE_SYS_STAT_H 1
| #define HAVE_STDLIB_H 1
| #define HAVE_STRING_H 1
| #define HAVE_MEMORY_H 1
| #define HAVE_STRINGS_H 1
| #define HAVE_INTTYPES_H 1
| #define HAVE_STDINT_H 1
| #define HAVE_UNISTD_H 1
| #define __EXTENSIONS__ 1
| #define _ALL_SOURCE 1
| #define _GNU_SOURCE 1
| #define _POSIX_PTHREAD_SEMANTICS 1
| #define _TANDEM_SOURCE 1
| #define HAVE_DLFCN_H 1
| #define LT_OBJDIR ".libs/"
| #define HAVE_DLFCN_H 1
| #define USE_SECUREPLT 1
| #define DEFAULT_LD_Z_SEPARATE_CODE 1
| #define ENABLE_NLS 1
| #define SIZEOF_LONG_LONG 8
| #define SIZEOF_VOID_P 8
| #define SIZEOF_LONG 8
| #define SIZEOF_INT 4
| #define HAVE_FCNTL_H 1
| #define HAVE_SYS_FILE_H 1
| #define HAVE_SYS_RESOURCE_H 1
| #define HAVE_SYS_STAT_H 1
| #define HAVE_SYS_TYPES_H 1
| #define HAVE_UNISTD_H 1
| #define HAVE_FCNTL 1
| #define HAVE_FDOPEN 1
| #define HAVE_FILENO 1
| #define HAVE_GETGID 1
| #define HAVE_GETPAGESIZE 1
| #define HAVE_GETRLIMIT 1
| #define HAVE_GETUID 1
| #define HAVE_SYSCONF 1
| #define HAVE_DECL_BASENAME 1
| #define HAVE_DECL_FFS 1
| #define HAVE_DECL_STPCPY 1
| #define HAVE_DECL_ASPRINTF 1
| #define HAVE_DECL_VASPRINTF 1
| #define HAVE_HIDDEN 1
| #define _STRUCTURED_PROC 1
| #define HAVE_SYS_PROCFS_H 1
| #define HAVE_PRSTATUS_T 1
| #define HAVE_PRPSINFO_T 1
| #define HAVE_PRPSINFO_T_PR_PID 1
| /* end confdefs.h.  */
| 
| #define _SYSCALL32
| #include <sys/procfs.h>
| int
| main ()
| {
| lwpstatus_t avar; void* aref = (void*) &avar.pr_fpreg
|   ;
|   return 0;
| }
configure:14582: result: no
configure:14586: checking for win32_pstatus_t in sys/procfs.h
configure:14604: gcc -c -g -O2      conftest.c >&5
conftest.c: In function 'main':
conftest.c:67:1: error: unknown type name 'win32_pstatus_t'
   67 | win32_pstatus_t avar
      | ^~~~~~~~~~~~~~~
configure:14604: $? = 1
configure: failed program was:
| /* confdefs.h */
| #define PACKAGE_NAME "bfd"
| #define PACKAGE_TARNAME "bfd"
| #define PACKAGE_VERSION "2.37.50"
| #define PACKAGE_STRING "bfd 2.37.50"
| #define PACKAGE_BUGREPORT ""
| #define PACKAGE_URL ""
| #define PACKAGE "bfd"
| #define VERSION "2.37.50"
| #define STDC_HEADERS 1
| #define HAVE_SYS_TYPES_H 1
| #define HAVE_SYS_STAT_H 1
| #define HAVE_STDLIB_H 1
| #define HAVE_STRING_H 1
| #define HAVE_MEMORY_H 1
| #define HAVE_STRINGS_H 1
| #define HAVE_INTTYPES_H 1
| #define HAVE_STDINT_H 1
| #define HAVE_UNISTD_H 1
| #define __EXTENSIONS__ 1
| #define _ALL_SOURCE 1
| #define _GNU_SOURCE 1
| #define _POSIX_PTHREAD_SEMANTICS 1
| #define _TANDEM_SOURCE 1
| #define HAVE_DLFCN_H 1
| #define LT_OBJDIR ".libs/"
| #define HAVE_DLFCN_H 1
| #define USE_SECUREPLT 1
| #define DEFAULT_LD_Z_SEPARATE_CODE 1
| #define ENABLE_NLS 1
| #define SIZEOF_LONG_LONG 8
| #define SIZEOF_VOID_P 8
| #define SIZEOF_LONG 8
| #define SIZEOF_INT 4
| #define HAVE_FCNTL_H 1
| #define HAVE_SYS_FILE_H 1
| #define HAVE_SYS_RESOURCE_H 1
| #define HAVE_SYS_STAT_H 1
| #define HAVE_SYS_TYPES_H 1
| #define HAVE_UNISTD_H 1
| #define HAVE_FCNTL 1
| #define HAVE_FDOPEN 1
| #define HAVE_FILENO 1
| #define HAVE_GETGID 1
| #define HAVE_GETPAGESIZE 1
| #define HAVE_GETRLIMIT 1
| #define HAVE_GETUID 1
| #define HAVE_SYSCONF 1
| #define HAVE_DECL_BASENAME 1
| #define HAVE_DECL_FFS 1
| #define HAVE_DECL_STPCPY 1
| #define HAVE_DECL_ASPRINTF 1
| #define HAVE_DECL_VASPRINTF 1
| #define HAVE_HIDDEN 1
| #define _STRUCTURED_PROC 1
| #define HAVE_SYS_PROCFS_H 1
| #define HAVE_PRSTATUS_T 1
| #define HAVE_PRPSINFO_T 1
| #define HAVE_PRPSINFO_T_PR_PID 1
| /* end confdefs.h.  */
| 
| #define _SYSCALL32
| #include <sys/procfs.h>
| int
| main ()
| {
| win32_pstatus_t avar
|   ;
|   return 0;
| }
configure:14618: result: no
configure:14656: checking for ftello
configure:14656: gcc -o conftest -g -O2        conftest.c -ldl  >&5
configure:14656: $? = 0
configure:14656: result: yes
configure:14656: checking for ftello64
configure:14656: gcc -o conftest -g -O2        conftest.c -ldl  >&5
configure:14656: $? = 0
configure:14656: result: yes
configure:14656: checking for fseeko
configure:14656: gcc -o conftest -g -O2        conftest.c -ldl  >&5
configure:14656: $? = 0
configure:14656: result: yes
configure:14656: checking for fseeko64
configure:14656: gcc -o conftest -g -O2        conftest.c -ldl  >&5
configure:14656: $? = 0
configure:14656: result: yes
configure:14656: checking for fopen64
configure:14656: gcc -o conftest -g -O2        conftest.c -ldl  >&5
configure:14656: $? = 0
configure:14656: result: yes
configure:14665: checking whether ftello is declared
configure:14665: gcc -c -g -O2      conftest.c >&5
configure:14665: $? = 0
configure:14665: result: yes
configure:14675: checking whether ftello64 is declared
configure:14675: gcc -c -g -O2      conftest.c >&5
configure:14675: $? = 0
configure:14675: result: yes
configure:14685: checking whether fseeko is declared
configure:14685: gcc -c -g -O2      conftest.c >&5
configure:14685: $? = 0
configure:14685: result: yes
configure:14695: checking whether fseeko64 is declared
configure:14695: gcc -c -g -O2      conftest.c >&5
configure:14695: $? = 0
configure:14695: result: yes
configure:14705: checking whether fopen64 is declared
configure:14705: gcc -c -g -O2      conftest.c >&5
configure:14705: $? = 0
configure:14705: result: yes
configure:14721: checking size of off_t
configure:14726: gcc -o conftest -g -O2        conftest.c -ldl  >&5
configure:14726: $? = 0
configure:14726: ./conftest
configure:14726: $? = 0
configure:14740: result: 8
configure:14751: checking file_ptr type
configure:14760: result: BFD_HOST_64_BIT
configure:14771: checking for stdlib.h
configure:14771: result: yes
configure:14771: checking for unistd.h
configure:14771: result: yes
configure:14771: checking for sys/param.h
configure:14771: gcc -c -g -O2      conftest.c >&5
configure:14771: $? = 0
configure:14771: result: yes
configure:14791: checking for getpagesize
configure:14791: result: yes
configure:14800: checking for working mmap
configure:14947: gcc -o conftest -g -O2        conftest.c -ldl  >&5
configure:14947: $? = 0
configure:14947: ./conftest
configure:14947: $? = 0
configure:14957: result: yes
configure:14969: checking for madvise
configure:14969: gcc -o conftest -g -O2        conftest.c -ldl  >&5
configure:14969: $? = 0
configure:14969: result: yes
configure:14969: checking for mprotect
configure:14969: gcc -o conftest -g -O2        conftest.c -ldl  >&5
configure:14969: $? = 0
configure:14969: result: yes
configure:15053: updating cache ./config.cache
configure:15097: checking that generated files are newer than configure
configure:15103: result: done
configure:15142: creating ./config.status

## ---------------------- ##
## Running config.status. ##
## ---------------------- ##

This file was extended by bfd config.status 2.37.50, which was
generated by GNU Autoconf 2.69.  Invocation command line was

  CONFIG_FILES    = 
  CONFIG_HEADERS  = 
  CONFIG_LINKS    = 
  CONFIG_COMMANDS = 
  $ ./config.status 

on solus

config.status:1212: creating Makefile
config.status:1212: creating doc/Makefile
config.status:1212: creating bfd-in3.h
config.status:1212: creating po/Makefile.in
config.status:1212: creating config.h
config.status:1441: executing depfiles commands
config.status:1441: executing libtool commands
config.status:1441: executing default-1 commands
config.status:1441: executing default commands

## ---------------- ##
## Cache variables. ##
## ---------------- ##

ac_cv_build=x86_64-pc-linux-gnu
ac_cv_c_compiler_gnu=yes
ac_cv_env_CC_set=set
ac_cv_env_CC_value=gcc
ac_cv_env_CFLAGS_set=set
ac_cv_env_CFLAGS_value='-g -O2    '
ac_cv_env_CPPFLAGS_set=
ac_cv_env_CPPFLAGS_value=
ac_cv_env_CPP_set=
ac_cv_env_CPP_value=
ac_cv_env_LDFLAGS_set=set
ac_cv_env_LDFLAGS_value=' '
ac_cv_env_LIBS_set=
ac_cv_env_LIBS_value=
ac_cv_env_build_alias_set=set
ac_cv_env_build_alias_value=x86_64-pc-linux-gnu
ac_cv_env_host_alias_set=set
ac_cv_env_host_alias_value=x86_64-pc-linux-gnu
ac_cv_env_target_alias_set=set
ac_cv_env_target_alias_value=x86_64-pc-linux-gnu
ac_cv_func_dlopen=no
ac_cv_func_fcntl=yes
ac_cv_func_fdopen=yes
ac_cv_func_fileno=yes
ac_cv_func_fls=no
ac_cv_func_fopen64=yes
ac_cv_func_fseeko64=yes
ac_cv_func_fseeko=yes
ac_cv_func_ftello64=yes
ac_cv_func_ftello=yes
ac_cv_func_getgid=yes
ac_cv_func_getpagesize=yes
ac_cv_func_getrlimit=yes
ac_cv_func_getuid=yes
ac_cv_func_madvise=yes
ac_cv_func_mmap_fixed_mapped=yes
ac_cv_func_mprotect=yes
ac_cv_func_shl_load=no
ac_cv_func_sysconf=yes
ac_cv_have_decl_asprintf=yes
ac_cv_have_decl_basename=yes
ac_cv_have_decl_ffs=yes
ac_cv_have_decl_fopen64=yes
ac_cv_have_decl_fseeko64=yes
ac_cv_have_decl_fseeko=yes
ac_cv_have_decl_ftello64=yes
ac_cv_have_decl_ftello=yes
ac_cv_have_decl_stpcpy=yes
ac_cv_have_decl_vasprintf=yes
ac_cv_header_dlfcn_h=yes
ac_cv_header_fcntl_h=yes
ac_cv_header_inttypes_h=yes
ac_cv_header_memory_h=yes
ac_cv_header_minix_config_h=no
ac_cv_header_stdc=yes
ac_cv_header_stdint_h=yes
ac_cv_header_stdlib_h=yes
ac_cv_header_string_h=yes
ac_cv_header_strings_h=yes
ac_cv_header_sys_file_h=yes
ac_cv_header_sys_param_h=yes
ac_cv_header_sys_procfs_h=yes
ac_cv_header_sys_resource_h=yes
ac_cv_header_sys_stat_h=yes
ac_cv_header_sys_types_h=yes
ac_cv_header_unistd_h=yes
ac_cv_header_windows_h=no
ac_cv_host=x86_64-pc-linux-gnu
ac_cv_lib_dl_dlopen=yes
ac_cv_lib_dld_shl_load=no
ac_cv_lib_m_cos=yes
ac_cv_objext=o
ac_cv_path_EGREP='/bin/grep -E'
ac_cv_path_FGREP='/bin/grep -F'
ac_cv_path_GMSGFMT=/usr/bin/msgfmt
ac_cv_path_GREP=/bin/grep
ac_cv_path_MSGFMT=/usr/bin/msgfmt
ac_cv_path_MSGMERGE=/usr/bin/msgmerge
ac_cv_path_SED=/bin/sed
ac_cv_path_XGETTEXT=/usr/bin/xgettext
ac_cv_path_mkdir=/bin/mkdir
ac_cv_prog_AR='ar --plugin /usr/lib64/gcc/x86_64-solus-linux/11/liblto_plugin.so'
ac_cv_prog_AWK=gawk
ac_cv_prog_CC=gcc
ac_cv_prog_CPP='gcc -E'
ac_cv_prog_OBJDUMP=objdump
ac_cv_prog_RANLIB='ranlib --plugin /usr/lib64/gcc/x86_64-solus-linux/11/liblto_plugin.so'
ac_cv_prog_ac_ct_STRIP=strip
ac_cv_prog_cc_c89=
ac_cv_prog_cc_g=yes
ac_cv_prog_make_make_set=yes
ac_cv_safe_to_define___extensions__=yes
ac_cv_search_dlsym=-ldl
ac_cv_sizeof_int=4
ac_cv_sizeof_long=8
ac_cv_sizeof_long_long=8
ac_cv_sizeof_off_t=8
ac_cv_sizeof_void_p=8
ac_cv_sys_file_offset_bits=no
ac_cv_sys_largefile_CC=no
ac_cv_target=x86_64-pc-linux-gnu
am_cv_CC_dependencies_compiler_type=gcc3
am_cv_make_support_nested_variables=yes
am_cv_prog_cc_c_o=yes
bfd_cv_have_sys_procfs_type_lwpstatus_t=no
bfd_cv_have_sys_procfs_type_lwpxstatus_t=no
bfd_cv_have_sys_procfs_type_member_lwpstatus_t_pr_context=no
bfd_cv_have_sys_procfs_type_member_lwpstatus_t_pr_fpreg=no
bfd_cv_have_sys_procfs_type_member_lwpstatus_t_pr_reg=no
bfd_cv_have_sys_procfs_type_member_prpsinfo32_t_pr_pid=no
bfd_cv_have_sys_procfs_type_member_prpsinfo_t_pr_pid=yes
bfd_cv_have_sys_procfs_type_member_prstatus32_t_pr_who=no
bfd_cv_have_sys_procfs_type_member_prstatus_t_pr_who=no
bfd_cv_have_sys_procfs_type_member_psinfo32_t_pr_pid=no
bfd_cv_have_sys_procfs_type_member_psinfo_t_pr_pid=no
bfd_cv_have_sys_procfs_type_prpsinfo32_t=no
bfd_cv_have_sys_procfs_type_prpsinfo_t=yes
bfd_cv_have_sys_procfs_type_prstatus32_t=no
bfd_cv_have_sys_procfs_type_prstatus_t=yes
bfd_cv_have_sys_procfs_type_psinfo32_t=no
bfd_cv_have_sys_procfs_type_psinfo_t=no
bfd_cv_have_sys_procfs_type_pstatus32_t=no
bfd_cv_have_sys_procfs_type_pstatus_t=no
bfd_cv_have_sys_procfs_type_pxstatus_t=no
bfd_cv_have_sys_procfs_type_win32_pstatus_t=no
bfd_cv_hidden=yes
bfd_cv_ld_as_needed=yes
lt_cv_deplibs_check_method=pass_all
lt_cv_dlopen=dlopen
lt_cv_dlopen_libs=-ldl
lt_cv_dlopen_self=yes
lt_cv_dlopen_self_static=no
lt_cv_file_magic_cmd='$MAGIC_CMD'
lt_cv_file_magic_test_file=
lt_cv_ld_reload_flag=-r
lt_cv_nm_interface='BSD nm'
lt_cv_objdir=.libs
lt_cv_path_LD=ld
lt_cv_path_NM=nm
lt_cv_prog_compiler_c_o=yes
lt_cv_prog_compiler_pic_works=yes
lt_cv_prog_compiler_rtti_exceptions=no
lt_cv_prog_compiler_static_works=yes
lt_cv_prog_gnu_ld=yes
lt_cv_shlibpath_overrides_runpath=no
lt_cv_sys_global_symbol_pipe='sed -n -e '\''s/^.*[	 ]\([ABCDGIRSTW][ABCDGIRSTW]*\)[	 ][	 ]*\([_A-Za-z][_A-Za-z0-9]*\)$/\1 \2 \2/p'\'''
lt_cv_sys_global_symbol_to_c_name_address='sed -n -e '\''s/^: \([^ ]*\) $/  {\"\1\", (void *) 0},/p'\'' -e '\''s/^[ABCDGIRSTW]* \([^ ]*\) \([^ ]*\)$/  {"\2", (void *) \&\2},/p'\'''
lt_cv_sys_global_symbol_to_c_name_address_lib_prefix='sed -n -e '\''s/^: \([^ ]*\) $/  {\"\1\", (void *) 0},/p'\'' -e '\''s/^[ABCDGIRSTW]* \([^ ]*\) \(lib[^ ]*\)$/  {"\2", (void *) \&\2},/p'\'' -e '\''s/^[ABCDGIRSTW]* \([^ ]*\) \([^ ]*\)$/  {"lib\2", (void *) \&\2},/p'\'''
lt_cv_sys_global_symbol_to_cdecl='sed -n -e '\''s/^T .* \(.*\)$/extern int \1();/p'\'' -e '\''s/^[ABCDGIRSTW]* .* \(.*\)$/extern char \1;/p'\'''
lt_cv_sys_max_cmd_len=1572864

## ----------------- ##
## Output variables. ##
## ----------------- ##

ACLOCAL='${SHELL} /home/pawel/ctf/153+1/muszla/gdb-11.1/missing aclocal-1.15'
AMDEPBACKSLASH='\'
AMDEP_FALSE='#'
AMDEP_TRUE=''
AMTAR='$${TAR-tar}'
AM_BACKSLASH='\'
AM_DEFAULT_V='$(AM_DEFAULT_VERBOSITY)'
AM_DEFAULT_VERBOSITY='1'
AM_V='$(V)'
AR='ar --plugin /usr/lib64/gcc/x86_64-solus-linux/11/liblto_plugin.so --plugin /usr/lib64/gcc/x86_64-solus-linux/11/liblto_plugin.so'
AUTOCONF='${SHELL} /home/pawel/ctf/153+1/muszla/gdb-11.1/missing autoconf'
AUTOHEADER='${SHELL} /home/pawel/ctf/153+1/muszla/gdb-11.1/missing autoheader'
AUTOMAKE='${SHELL} /home/pawel/ctf/153+1/muszla/gdb-11.1/missing automake-1.15'
AWK='gawk'
BFD_HOSTPTR_T='unsigned long'
BFD_HOST_64BIT_LONG='1'
BFD_HOST_64BIT_LONG_LONG='0'
BFD_HOST_64_BIT='long'
BFD_HOST_64_BIT_DEFINED='1'
BFD_HOST_U_64_BIT='unsigned long'
CATALOGS=' da.gmo es.gmo fi.gmo fr.gmo hr.gmo id.gmo ja.gmo pt.gmo ro.gmo ru.gmo rw.gmo sr.gmo sv.gmo tr.gmo uk.gmo vi.gmo zh_CN.gmo da.gmo es.gmo fi.gmo fr.gmo hr.gmo id.gmo ja.gmo pt.gmo ro.gmo ru.gmo rw.gmo sr.gmo sv.gmo tr.gmo uk.gmo vi.gmo zh_CN.gmo'
CATOBJEXT='.gmo'
CC='gcc'
CCDEPMODE='depmode=gcc3'
CC_FOR_BUILD='gcc'
CFLAGS='-g -O2    '
COREFILE=''
COREFLAG=''
CPP='gcc -E'
CPPFLAGS=''
CYGPATH_W='echo'
DATADIRNAME='share'
DEBUGDIR='${exec_prefix}/lib/debug'
DEFS='-DHAVE_CONFIG_H'
DEPDIR='.deps'
DSYMUTIL=''
DUMPBIN=''
ECHO_C=''
ECHO_N='-n'
ECHO_T=''
EGREP='/bin/grep -E'
EXEEXT=''
EXEEXT_FOR_BUILD='$(EXEEXT)'
FGREP='/bin/grep -F'
GENCAT='gencat'
GENINSRC_NEVER_FALSE=''
GENINSRC_NEVER_TRUE='#'
GMSGFMT='/usr/bin/msgfmt'
GREP='/bin/grep'
HDEFINES=''
INCINTL=''
INSTALL_DATA='/usr/bin/install -c -m 644'
INSTALL_LIBBFD_FALSE='#'
INSTALL_LIBBFD_TRUE=''
INSTALL_PROGRAM='/usr/bin/install -c'
INSTALL_SCRIPT='/usr/bin/install -c'
INSTALL_STRIP_PROGRAM='$(install_sh) -c -s'
INSTOBJEXT='.mo'
LARGEFILE_CPPFLAGS=''
LD='ld -m elf_x86_64'
LDFLAGS=' '
LIBINTL=''
LIBINTL_DEP=''
LIBM='-lm'
LIBOBJS=''
LIBS='-ldl '
LIBTOOL='$(SHELL) $(top_builddir)/libtool'
LIPO=''
LN_S='ln -s'
LTLIBOBJS=''
MAINT='#'
MAINTAINER_MODE_FALSE=''
MAINTAINER_MODE_TRUE='#'
MAKEINFO='/home/pawel/ctf/153+1/muszla/gdb-11.1/missing makeinfo --split-size=5000000'
MKDIR_P='/bin/mkdir -p'
MKINSTALLDIRS='$(top_builddir)/./../mkinstalldirs'
MSGFMT='/usr/bin/msgfmt'
MSGMERGE='/usr/bin/msgmerge'
NM='nm'
NMEDIT=''
NO_WERROR=''
OBJDUMP='objdump'
OBJEXT='o'
OTOOL64=''
OTOOL=''
PACKAGE='bfd'
PACKAGE_BUGREPORT=''
PACKAGE_NAME='bfd'
PACKAGE_STRING='bfd 2.37.50'
PACKAGE_TARNAME='bfd'
PACKAGE_URL=''
PACKAGE_VERSION='2.37.50'
PATH_SEPARATOR=':'
PKGVERSION='(GNU Binutils) '
PLUGINS_FALSE='#'
PLUGINS_TRUE=''
POSUB='po'
RANLIB='ranlib --plugin /usr/lib64/gcc/x86_64-solus-linux/11/liblto_plugin.so --plugin /usr/lib64/gcc/x86_64-solus-linux/11/liblto_plugin.so'
REPORT_BUGS_TEXI='@uref{https://www.sourceware.org/bugzilla/}'
REPORT_BUGS_TO='<https://www.sourceware.org/bugzilla/>'
SED='/bin/sed'
SET_MAKE=''
SHARED_LDFLAGS=''
SHARED_LIBADD=' '
SHELL='/bin/sh'
STRIP='strip'
TDEFINES=' '
USE_NLS='yes'
VERSION='2.37.50'
WARN_CFLAGS='-W -Wall -Wstrict-prototypes -Wmissing-prototypes -Wshadow -Wstack-usage=262144'
WARN_CFLAGS_FOR_BUILD='-W -Wall -Wstrict-prototypes -Wmissing-prototypes -Wshadow -Wstack-usage=262144'
WARN_WRITE_STRINGS='-Wwrite-strings'
XGETTEXT='/usr/bin/xgettext'
ac_ct_CC=''
ac_ct_DUMPBIN=''
all_backends='$(BFD64_BACKENDS) $(BFD32_BACKENDS)'
am__EXEEXT_FALSE=''
am__EXEEXT_TRUE='#'
am__fastdepCC_FALSE='#'
am__fastdepCC_TRUE=''
am__include='include'
am__isrc=''
am__leading_dot='.'
am__nodep='_no'
am__quote=''
am__tar='$${TAR-tar} chof - "$$tardir"'
am__untar='$${TAR-tar} xf -'
bfd64_libs='$(BFD64_LIBS)'
bfd_backends=' elf64-x86-64.lo elfxx-x86.lo elf-ifunc.lo elf-vxworks.lo elf64.lo elf.lo elflink.lo elf-attrs.lo elf-strtab.lo elf-eh-frame.lo dwarf1.lo dwarf2.lo elf32-i386.lo elf32.lo pei-i386.lo peigen.lo cofflink.lo coffgen.lo pe-x86_64.lo pex64igen.lo pei-x86_64.lo elf64-gen.lo elf32-gen.lo plugin.lo'
bfd_default_target_size='64'
bfd_file_ptr='BFD_HOST_64_BIT'
bfd_machines=' cpu-i386.lo cpu-iamcu.lo cpu-l1om.lo cpu-k1om.lo'
bfd_ufile_ptr='BFD_HOST_U_64_BIT'
bfdincludedir='$(includedir)'
bfdlibdir='$(libdir)'
bindir='${exec_prefix}/bin'
build='x86_64-pc-linux-gnu'
build_alias='x86_64-pc-linux-gnu'
build_cpu='x86_64'
build_os='linux-gnu'
build_vendor='pc'
datadir='${datarootdir}'
datarootdir='${prefix}/share'
docdir='${datarootdir}/doc/${PACKAGE_TARNAME}'
dvidir='${docdir}'
exec_prefix='${prefix}'
havevecs='-DHAVE_x86_64_elf64_vec -DHAVE_i386_elf32_vec -DHAVE_iamcu_elf32_vec -DHAVE_x86_64_elf32_vec -DHAVE_i386_pei_vec -DHAVE_x86_64_pe_vec -DHAVE_x86_64_pei_vec -DHAVE_l1om_elf64_vec -DHAVE_k1om_elf64_vec -DHAVE_elf64_le_vec -DHAVE_elf64_be_vec -DHAVE_elf32_le_vec -DHAVE_elf32_be_vec'
host='x86_64-pc-linux-gnu'
host_alias='x86_64-pc-linux-gnu'
host_cpu='x86_64'
host_noncanonical='x86_64-pc-linux-gnu'
host_os='linux-gnu'
host_vendor='pc'
htmldir='${docdir}'
includedir='${prefix}/include'
infodir='${datarootdir}/info'
install_sh='${SHELL} /home/pawel/ctf/153+1/muszla/gdb-11.1/install-sh'
libdir='${exec_prefix}/lib'
libexecdir='${exec_prefix}/libexec'
localedir='${datarootdir}/locale'
localstatedir='${prefix}/var'
lt_cv_dlopen_libs='-ldl'
mandir='${datarootdir}/man'
mkdir_p='$(MKDIR_P)'
oldincludedir='/usr/include'
pdfdir='${docdir}'
prefix='/usr/local'
program_transform_name='s,y,y,'
psdir='${docdir}'
sbindir='${exec_prefix}/sbin'
sharedstatedir='${prefix}/com'
supports_plugins='1'
sysconfdir='${prefix}/etc'
target='x86_64-pc-linux-gnu'
target_alias='x86_64-pc-linux-gnu'
target_cpu='x86_64'
target_noncanonical='x86_64-pc-linux-gnu'
target_os='linux-gnu'
target_vendor='pc'
tdefaults=' -DDEFAULT_VECTOR=x86_64_elf64_vec -DSELECT_VECS='\''&x86_64_elf64_vec,&i386_elf32_vec,&iamcu_elf32_vec,&x86_64_elf32_vec,&i386_pei_vec,&x86_64_pe_vec,&x86_64_pei_vec,&l1om_elf64_vec,&k1om_elf64_vec,&elf64_le_vec,&elf64_be_vec,&elf32_le_vec,&elf32_be_vec'\'' -DSELECT_ARCHITECTURES='\''&bfd_i386_arch,&bfd_iamcu_arch,&bfd_l1om_arch,&bfd_k1om_arch'\'''
wordsize='64'
zlibdir='-L$(top_builddir)/../zlib'
zlibinc='-I$(top_srcdir)/../zlib'

## ----------- ##
## confdefs.h. ##
## ----------- ##

/* confdefs.h */
#define PACKAGE_NAME "bfd"
#define PACKAGE_TARNAME "bfd"
#define PACKAGE_VERSION "2.37.50"
#define PACKAGE_STRING "bfd 2.37.50"
#define PACKAGE_BUGREPORT ""
#define PACKAGE_URL ""
#define PACKAGE "bfd"
#define VERSION "2.37.50"
#define STDC_HEADERS 1
#define HAVE_SYS_TYPES_H 1
#define HAVE_SYS_STAT_H 1
#define HAVE_STDLIB_H 1
#define HAVE_STRING_H 1
#define HAVE_MEMORY_H 1
#define HAVE_STRINGS_H 1
#define HAVE_INTTYPES_H 1
#define HAVE_STDINT_H 1
#define HAVE_UNISTD_H 1
#define __EXTENSIONS__ 1
#define _ALL_SOURCE 1
#define _GNU_SOURCE 1
#define _POSIX_PTHREAD_SEMANTICS 1
#define _TANDEM_SOURCE 1
#define HAVE_DLFCN_H 1
#define LT_OBJDIR ".libs/"
#define HAVE_DLFCN_H 1
#define USE_SECUREPLT 1
#define DEFAULT_LD_Z_SEPARATE_CODE 1
#define ENABLE_NLS 1
#define SIZEOF_LONG_LONG 8
#define SIZEOF_VOID_P 8
#define SIZEOF_LONG 8
#define SIZEOF_INT 4
#define HAVE_FCNTL_H 1
#define HAVE_SYS_FILE_H 1
#define HAVE_SYS_RESOURCE_H 1
#define HAVE_SYS_STAT_H 1
#define HAVE_SYS_TYPES_H 1
#define HAVE_UNISTD_H 1
#define HAVE_FCNTL 1
#define HAVE_FDOPEN 1
#define HAVE_FILENO 1
#define HAVE_GETGID 1
#define HAVE_GETPAGESIZE 1
#define HAVE_GETRLIMIT 1
#define HAVE_GETUID 1
#define HAVE_SYSCONF 1
#define HAVE_DECL_BASENAME 1
#define HAVE_DECL_FFS 1
#define HAVE_DECL_STPCPY 1
#define HAVE_DECL_ASPRINTF 1
#define HAVE_DECL_VASPRINTF 1
#define HAVE_HIDDEN 1
#define _STRUCTURED_PROC 1
#define HAVE_SYS_PROCFS_H 1
#define HAVE_PRSTATUS_T 1
#define HAVE_PRPSINFO_T 1
#define HAVE_PRPSINFO_T_PR_PID 1
#define CORE_HEADER "hosts/x86-64linux.h"
#define HAVE_FTELLO 1
#define HAVE_FTELLO64 1
#define HAVE_FSEEKO 1
#define HAVE_FSEEKO64 1
#define HAVE_FOPEN64 1
#define HAVE_DECL_FTELLO 1
#define HAVE_DECL_FTELLO64 1
#define HAVE_DECL_FSEEKO 1
#define HAVE_DECL_FSEEKO64 1
#define HAVE_DECL_FOPEN64 1
#define SIZEOF_OFF_T 8
#define HAVE_STDLIB_H 1
#define HAVE_UNISTD_H 1
#define HAVE_SYS_PARAM_H 1
#define HAVE_GETPAGESIZE 1
#define HAVE_MMAP 1
#define HAVE_MADVISE 1
#define HAVE_MPROTECT 1

configure: exit 0
