PDFiD 0.2.8 Wonders_of_ZIP_file_format.pdf
 PDF Header: %PDF-1.3
 obj                  520
 endobj               520
 stream                33
 endstream             33
 xref                   1
 trailer                1
 startxref              1
 /Page                 16
 /Encrypt               0
 /ObjStm                0
 /JS                    0
 /JavaScript            0
 /AA                    0
 /OpenAction            0
 /AcroForm              0
 /JBIG2Decode           0
 /RichMedia             0
 /Launch                0
 /EmbeddedFile          0
 /XFA                   0
 /Colors > 2^24         0

PDFiD 0.2.8 Wonders_of_ZIP_file_format.pdf
 PDF Header: %PDF-1.3
 obj                  520
 endobj               520
 stream                33
 endstream             33
 xref                   1
 trailer                1
 startxref              1
 /Page                 16
 /Encrypt               0
 /ObjStm                0
 /JS                    0
 /JavaScript            0
 /AA                    0
 /OpenAction            0
 /AcroForm              0
 /JBIG2Decode           0
 /RichMedia             0
 /Launch                0
 /EmbeddedFile          0
 /XFA                   0
 /Colors > 2^24         0
 /0                     3
 /02                    1
 /0NW                   1
 /0T                    1
 /0lP                   1
 /1                     8
 /1999                  1
 /2                     2
 /22                    1
 /2C                    1
 /2E                    1
 /2x0                   1
 /3                     5
 /4                     3
 /4Y                    1
 /5                     7
 /5D                    1
 /6                     2
 /6c                    1
 /7                     3
 /722                   1
 /77                    1
 /86u                   1
 /9                     6
 /A                   407
 /Action              404
 /Ad                    1
 /Annots               15
 /Arial                 9
 /ArialMT               5
 /Ascent               15
 /AvgWidth             15
 /B                     2
 /BCDEEE                3
 /BCDFEE                2
 /BCDGEE                2
 /BCDHEE                2
 /BM                    2
 /BS                  404
 /BaseFont             20
 /BitsPerComponent       2
 /C                     4
 /C1                    1
 /C92                   1
 /CA                    1
 /CIDFontType2          5
 /CIDSystemInfo         5
 /CIDToGIDMap           5
 /CS                   16
 /CapHeight            15
 /Catalog               1
 /ColorSpace            2
 /Contents             16
 /Count                 2
 /CreationDate          1
 /Creator               1
 /D                     3
 /DW                    5
 /DescendantFonts       5
 /Descent              15
 /DeviceGray            1
 /DeviceRGB            17
 /DisplayDocTitle       1
 /E                     4
 /Encoding             15
 /ExtGState            18
 /F                   409
 /F1                    1
 /F10                   8
 /F11                   1
 /F12                   6
 /F13                   3
 /F14                   2
 /F15                   2
 /F2                    6
 /F3                   14
 /F4                   17
 /F5                    7
 /F6                   11
 /F7                    4
 /F8                    5
 /F9                    7
 /FO                    1
 /Filter               32
 /FirstChar            10
 /Flags                15
 /FlateDecode          32
 /Font                 36
 /FontBBox             15
 /FontDescriptor       30
 /FontFile2             8
 /FontName             15
 /FontWeight           15
 /G                     2
 /GS10                 16
 /GS11                 16
 /Group                32
 /H                     3
 /Height                2
 /I                     6
 /Identity             10
 /Image                 2
 /Image120              1
 /ImageB               16
 /ImageC               16
 /ImageI               16
 /Info                  1
 /Interpolate           2
 /ItalicAngle          15
 /J                     5
 /K                     6
 /KINh                  1
 /KU                    1
 /Kids                  2
 /KoqoK                 1
 /L                     2
 /Lang                  1
 /LastChar             10
 /Leading              10
 /Length               33
 /Length1               7
 /Link                404
 /M                     3
 /Matte                 1
 /MaxWidth             15
 /MediaBox             16
 /Metadata              2
 /ModDate               1
 /N                     4
 /N4                    1
 /NREO                  1
 /Name                 10
 /Normal                2
 /O                     3
 /Oe                    1
 /Ordering              5
 /P                     3
 /P86U                  1
 /PDF                  16
 /Pages                 3
 /Parent               16
 /ProcSet              16
 /Producer              1
 /Q                     4
 /QA                    1
 /QC                    1
 /Qp                    1
 /R                     1
 /RO                    1
 /Rect                404
 /Registry              5
 /Resources            16
 /Rk                    1
 /Root                  1
 /S                   439
 /SMask                 1
 /Size                  1
 /StemV                15
 /Subtype             427
 /Supplement            5
 /SymbolMT              3
 /T                     3
 /Tabs                 16
 /Text                 16
 /TimesNewRomanPS       4
 /TimesNewRomanPSMT       5
 /ToUnicode             5
 /Transparency         16
 /TrueType             10
 /Type                479
 /Type0                 5
 /U                     3
 /URI                 808
 /V                     1
 /VK                    1
 /ViewerPreferences       1
 /W                   414
 /Width                 2
 /Widths               10
 /WinAnsiEncoding      10
 /WsJ                   1
 /X                     3
 /XHeight              15
 /XML                   1
 /XObject               3
 /Y                     2
 /YL                    1
 /Yc6                   1
 /Z                     8
 /a                     3
 /a8                    1
 /aV                    1
 /b                     4
 /bd                    1
 /br                    1
 /c                     1
 /c1                    1
 /ca                    1
 /cz                    1
 /d                     3
 /dc                    1
 /e                     6
 /e5                    1
 /eK3                   1
 /eY                    1
 /ea                    1
 /elements              1
 /f                     1
 /ff                    1
 /g                     4
 /gm                    1
 /gp                    1
 /hTo                   1
 /hv                    1
 /i                     2
 /iP                    1
 /j                     5
 /k                     8
 /l                     4
 /ls                    1
 /m                     7
 /m8                    1
 /mA                    1
 /mP                    1
 /mm                    1
 /n                     6
 /ns                    3
 /o                     5
 /ot                    1
 /oxsm                  1
 /p                     9
 /pdf                   2
 /ph                    1
 /purl                  1
 /q                     2
 /qr6                   1
 /qy                    1
 /r                     4
 /rdf                   5
 /rqN9                  1
 /rv                    1
 /s                     4
 /sE                    1
 /t                     3
 /t5                    1
 /u                     1
 /uB                    1
 /v                     2
 /w                     5
 /ww                    1
 /www                   1
 /x                     7
 /xap                   2
 /xmp                   3
 /xmpMM                 2
 /y                     4
 /yh                    1
 /z                     5
 /zB                    1

PDFiD 0.2.8 Wonders_of_ZIP_file_format.pdf
 PDF Header: %PDF-1.3
 obj                  520
 endobj               520
 stream                33
 endstream             33
 xref                   1
 trailer                1
 startxref              1
 /Page                 16
 /Encrypt               0
 /ObjStm                0
 /JS                    0
 /JavaScript            0
 /AA                    0
 /OpenAction            0
 /AcroForm              0
 /JBIG2Decode           0
 /RichMedia             0
 /Launch                0
 /EmbeddedFile          0
 /XFA                   0
 /Colors > 2^24         0
 /0                     3
 /02                    1
 /0NW                   1
 /0T                    1
 /0lP                   1
 /1                     8
 /1999                  1
 /2                     2
 /22                    1
 /2C                    1
 /2E                    1
 /2x0                   1
 /3                     5
 /4                     3
 /4Y                    1
 /5                     7
 /5D                    1
 /6                     2
 /6c                    1
 /7                     3
 /722                   1
 /77                    1
 /86u                   1
 /9                     6
 /A                   407
 /Action              404
 /Ad                    1
 /Annots               15
 /Arial                 9
 /ArialMT               5
 /Ascent               15
 /AvgWidth             15
 /B                     2
 /BCDEEE                3
 /BCDFEE                2
 /BCDGEE                2
 /BCDHEE                2
 /BM                    2
 /BS                  404
 /BaseFont             20
 /BitsPerComponent       2
 /C                     4
 /C1                    1
 /C92                   1
 /CA                    1
 /CIDFontType2          5
 /CIDSystemInfo         5
 /CIDToGIDMap           5
 /CS                   16
 /CapHeight            15
 /Catalog               1
 /ColorSpace            2
 /Contents             16
 /Count                 2
 /CreationDate          1
 /Creator               1
 /D                     3
 /DW                    5
 /DescendantFonts       5
 /Descent              15
 /DeviceGray            1
 /DeviceRGB            17
 /DisplayDocTitle       1
 /E                     4
 /Encoding             15
 /ExtGState            18
 /F                   409
 /F1                    1
 /F10                   8
 /F11                   1
 /F12                   6
 /F13                   3
 /F14                   2
 /F15                   2
 /F2                    6
 /F3                   14
 /F4                   17
 /F5                    7
 /F6                   11
 /F7                    4
 /F8                    5
 /F9                    7
 /FO                    1
 /Filter               32
 /FirstChar            10
 /Flags                15
 /FlateDecode          32
 /Font                 36
 /FontBBox             15
 /FontDescriptor       30
 /FontFile2             8
 /FontName             15
 /FontWeight           15
 /G                     2
 /GS10                 16
 /GS11                 16
 /Group                32
 /H                     3
 /Height                2
 /I                     6
 /Identity             10
 /Image                 2
 /Image120              1
 /ImageB               16
 /ImageC               16
 /ImageI               16
 /Info                  1
 /Interpolate           2
 /ItalicAngle          15
 /J                     5
 /K                     6
 /KINh                  1
 /KU                    1
 /Kids                  2
 /KoqoK                 1
 /L                     2
 /Lang                  1
 /LastChar             10
 /Leading              10
 /Length               33
 /Length1               7
 /Link                404
 /M                     3
 /Matte                 1
 /MaxWidth             15
 /MediaBox             16
 /Metadata              2
 /ModDate               1
 /N                     4
 /N4                    1
 /NREO                  1
 /Name                 10
 /Normal                2
 /O                     3
 /Oe                    1
 /Ordering              5
 /P                     3
 /P86U                  1
 /PDF                  16
 /Pages                 3
 /Parent               16
 /ProcSet              16
 /Producer              1
 /Q                     4
 /QA                    1
 /QC                    1
 /Qp                    1
 /R                     1
 /RO                    1
 /Rect                404
 /Registry              5
 /Resources            16
 /Rk                    1
 /Root                  1
 /S                   439
 /SMask                 1
 /Size                  1
 /StemV                15
 /Subtype             427
 /Supplement            5
 /SymbolMT              3
 /T                     3
 /Tabs                 16
 /Text                 16
 /TimesNewRomanPS       4
 /TimesNewRomanPSMT       5
 /ToUnicode             5
 /Transparency         16
 /TrueType             10
 /Type                479
 /Type0                 5
 /U                     3
 /URI                 808
 /V                     1
 /VK                    1
 /ViewerPreferences       1
 /W                   414
 /Width                 2
 /Widths               10
 /WinAnsiEncoding      10
 /WsJ                   1
 /X                     3
 /XHeight              15
 /XML                   1
 /XObject               3
 /Y                     2
 /YL                    1
 /Yc6                   1
 /Z                     8
 /a                     3
 /a8                    1
 /aV                    1
 /b                     4
 /bd                    1
 /br                    1
 /c                     1
 /c1                    1
 /ca                    1
 /cz                    1
 /d                     3
 /dc                    1
 /e                     6
 /e5                    1
 /eK3                   1
 /eY                    1
 /ea                    1
 /elements              1
 /f                     1
 /ff                    1
 /g                     4
 /gm                    1
 /gp                    1
 /hTo                   1
 /hv                    1
 /i                     2
 /iP                    1
 /j                     5
 /k                     8
 /l                     4
 /ls                    1
 /m                     7
 /m8                    1
 /mA                    1
 /mP                    1
 /mm                    1
 /n                     6
 /ns                    3
 /o                     5
 /ot                    1
 /oxsm                  1
 /p                     9
 /pdf                   2
 /ph                    1
 /purl                  1
 /q                     2
 /qr6                   1
 /qy                    1
 /r                     4
 /rdf                   5
 /rqN9                  1
 /rv                    1
 /s                     4
 /sE                    1
 /t                     3
 /t5                    1
 /u                     1
 /uB                    1
 /v                     2
 /w                     5
 /ww                    1
 /www                   1
 /x                     7
 /xap                   2
 /xmp                   3
 /xmpMM                 2
 /y                     4
 /yh                    1
 /z                     5
 /zB                    1

PDFiD 0.2.8 Wonders_of_ZIP_file_format.pdf
 PDF Header: %PDF-1.3
 obj                  520
 endobj               520
 stream                33
 endstream             33
 xref                   1
 trailer                1
 startxref              1
 /Page                 16
 /Encrypt               0
 /ObjStm                0
 /JS                    0
 /JavaScript            0
 /AA                    0
 /OpenAction            0
 /AcroForm              0
 /JBIG2Decode           0
 /RichMedia             0
 /Launch                0
 /EmbeddedFile          0
 /XFA                   0
 /Colors > 2^24         0

