This file contains any messages produced by compilers while
running configure, to aid debugging if configure makes a mistake.

It was created by configure, which was
generated by GNU Autoconf 2.69.  Invocation command line was

  $ ./configure 

## --------- ##
## Platform. ##
## --------- ##

hostname = solus
uname -m = x86_64
uname -r = 5.14.16-205.current
uname -s = Linux
uname -v = #1 SMP PREEMPT Sat Nov 6 09:14:32 UTC 2021

/usr/bin/uname -p = unknown
/bin/uname -X     = unknown

/bin/arch              = x86_64
/usr/bin/arch -k       = unknown
/usr/convex/getsysinfo = unknown
/usr/bin/hostinfo      = unknown
/bin/machine           = unknown
/usr/bin/oslevel       = unknown
/bin/universe          = unknown

PATH: /sbin
PATH: /bin
PATH: /usr/sbin
PATH: /usr/bin
PATH: /usr/local/bin
PATH: /snap/bin


## ----------- ##
## Core tests. ##
## ----------- ##

configure:2352: checking build system type
configure:2366: result: x86_64-pc-linux-gnu
configure:2413: checking host system type
configure:2426: result: x86_64-pc-linux-gnu
configure:2446: checking target system type
configure:2459: result: x86_64-pc-linux-gnu
configure:2513: checking for a BSD-compatible install
configure:2581: result: /usr/bin/install -c
configure:2592: checking whether ln works
configure:2614: result: yes
configure:2618: checking whether ln -s works
configure:2622: result: yes
configure:2629: checking for a sed that does not truncate output
configure:2693: result: /bin/sed
configure:2702: checking for gawk
configure:2718: found /usr/bin/gawk
configure:2729: result: gawk
configure:3499: checking for gdbserver support
configure:3509: result: yes
configure:4065: checking for gcc
configure:4081: found /usr/bin/gcc
configure:4092: result: gcc
configure:4321: checking for C compiler version
configure:4330: gcc --version >&5
gcc (Solus) 11.2.0
Copyright (C) 2021 Free Software Foundation, Inc.
This is free software; see the source for copying conditions.  There is NO
warranty; not even for MERCHANTABILITY or FITNESS FOR A PARTICULAR PURPOSE.

configure:4341: $? = 0
configure:4330: gcc -v >&5
Using built-in specs.
COLLECT_GCC=gcc
COLLECT_LTO_WRAPPER=/usr/lib64/gcc/x86_64-solus-linux/11/lto-wrapper
Target: x86_64-solus-linux
Configured with: ../configure --prefix=/usr --with-pkgversion=Solus --libdir=/usr/lib64 --libexecdir=/usr/lib64 --with-system-zlib --enable-cet --enable-default-ssp --enable-shared --enable-threads=posix --enable-gnu-indirect-function --enable-__cxa_atexit --enable-plugin --enable-gold --enable-ld=default --enable-clocale=gnu --enable-multilib --with-multilib-list=m32,m64 --enable-lto --with-gcc-major-version-only --with-bugurl=https://dev.getsol.us/ --with-arch_32=i686 --enable-linker-build-id --with-linker-hash-style=gnu --with-gnu-ld --build=x86_64-solus-linux --target=x86_64-solus-linux --enable-languages=c,c++,fortran
Thread model: posix
Supported LTO compression algorithms: zlib zstd
gcc version 11.2.0 (Solus) 
configure:4341: $? = 0
configure:4330: gcc -V >&5
gcc: error: unrecognized command-line option '-V'
gcc: fatal error: no input files
compilation terminated.
configure:4341: $? = 1
configure:4330: gcc -qversion >&5
gcc: error: unrecognized command-line option '-qversion'; did you mean '--version'?
gcc: fatal error: no input files
compilation terminated.
configure:4341: $? = 1
configure:4361: checking whether the C compiler works
configure:4383: gcc    conftest.c  >&5
configure:4387: $? = 0
configure:4435: result: yes
configure:4438: checking for C compiler default output file name
configure:4440: result: a.out
configure:4446: checking for suffix of executables
configure:4453: gcc -o conftest    conftest.c  >&5
configure:4457: $? = 0
configure:4479: result: 
configure:4501: checking whether we are cross compiling
configure:4509: gcc -o conftest    conftest.c  >&5
configure:4513: $? = 0
configure:4520: ./conftest
configure:4524: $? = 0
configure:4539: result: no
configure:4544: checking for suffix of object files
configure:4566: gcc -c   conftest.c >&5
configure:4570: $? = 0
configure:4591: result: o
configure:4595: checking whether we are using the GNU C compiler
configure:4614: gcc -c   conftest.c >&5
configure:4614: $? = 0
configure:4623: result: yes
configure:4632: checking whether gcc accepts -g
configure:4652: gcc -c -g  conftest.c >&5
configure:4652: $? = 0
configure:4693: result: yes
configure:4710: checking for gcc option to accept ISO C89
configure:4773: gcc  -c -g -O2  conftest.c >&5
configure:4773: $? = 0
configure:4786: result: none needed
configure:4806: checking for gcc option to accept ISO C99
configure:4955: gcc  -c -g -O2  conftest.c >&5
configure:4955: $? = 0
configure:4968: result: none needed
configure:5041: checking for g++
configure:5057: found /usr/bin/g++
configure:5068: result: g++
configure:5095: checking for C++ compiler version
configure:5104: g++ --version >&5
g++ (Solus) 11.2.0
Copyright (C) 2021 Free Software Foundation, Inc.
This is free software; see the source for copying conditions.  There is NO
warranty; not even for MERCHANTABILITY or FITNESS FOR A PARTICULAR PURPOSE.

configure:5115: $? = 0
configure:5104: g++ -v >&5
Using built-in specs.
COLLECT_GCC=g++
COLLECT_LTO_WRAPPER=/usr/lib64/gcc/x86_64-solus-linux/11/lto-wrapper
Target: x86_64-solus-linux
Configured with: ../configure --prefix=/usr --with-pkgversion=Solus --libdir=/usr/lib64 --libexecdir=/usr/lib64 --with-system-zlib --enable-cet --enable-default-ssp --enable-shared --enable-threads=posix --enable-gnu-indirect-function --enable-__cxa_atexit --enable-plugin --enable-gold --enable-ld=default --enable-clocale=gnu --enable-multilib --with-multilib-list=m32,m64 --enable-lto --with-gcc-major-version-only --with-bugurl=https://dev.getsol.us/ --with-arch_32=i686 --enable-linker-build-id --with-linker-hash-style=gnu --with-gnu-ld --build=x86_64-solus-linux --target=x86_64-solus-linux --enable-languages=c,c++,fortran
Thread model: posix
Supported LTO compression algorithms: zlib zstd
gcc version 11.2.0 (Solus) 
configure:5115: $? = 0
configure:5104: g++ -V >&5
g++: error: unrecognized command-line option '-V'
g++: fatal error: no input files
compilation terminated.
configure:5115: $? = 1
configure:5104: g++ -qversion >&5
g++: error: unrecognized command-line option '-qversion'; did you mean '--version'?
g++: fatal error: no input files
compilation terminated.
configure:5115: $? = 1
configure:5119: checking whether we are using the GNU C++ compiler
configure:5138: g++ -c   conftest.cpp >&5
configure:5138: $? = 0
configure:5147: result: yes
configure:5156: checking whether g++ accepts -g
configure:5176: g++ -c -g  conftest.cpp >&5
configure:5176: $? = 0
configure:5217: result: yes
configure:5266: checking whether g++ accepts -static-libstdc++ -static-libgcc
configure:5283: g++ -o conftest -g -O2   -static-libstdc++ -static-libgcc conftest.cpp  >&5
configure:5283: $? = 0
configure:5284: result: yes
configure:5348: checking for gnatbind
configure:5378: result: no
configure:5440: checking for gnatmake
configure:5470: result: no
configure:5489: checking whether compiler driver understands Ada
configure:5512: result: no
configure:5521: checking how to compare bootstrapped objects
configure:5546: result: tail -c +17 $$f1 > tmp-foo1; tail -c +17 $$f2 > tmp-foo2; cmp tmp-foo1 tmp-foo2
configure:5691: checking for objdir
configure:5706: result: .libs
configure:6271: checking for isl 0.15 or later
configure:6284: gcc -o conftest -g -O2      -lisl -lmpc -lmpfr -lgmp conftest.c  -lisl -lgmp >&5
conftest.c:10:10: fatal error: isl/schedule.h: No such file or directory
   10 | #include <isl/schedule.h>
      |          ^~~~~~~~~~~~~~~~
compilation terminated.
configure:6284: $? = 1
configure: failed program was:
| /* confdefs.h */
| #define PACKAGE_NAME ""
| #define PACKAGE_TARNAME ""
| #define PACKAGE_VERSION ""
| #define PACKAGE_STRING ""
| #define PACKAGE_BUGREPORT ""
| #define PACKAGE_URL ""
| #define LT_OBJDIR ".libs/"
| /* end confdefs.h.  */
| #include <isl/schedule.h>
| int
| main ()
| {
| isl_options_set_schedule_serialize_sccs (NULL, 0);
|   ;
|   return 0;
| }
configure:6291: result: no
configure:6295: result: required isl version is 0.15 or later
configure:7388: checking for default BUILD_CONFIG
configure:7420: result: 
configure:7425: checking for --enable-vtable-verify
configure:7438: result: no
configure:8059: checking for bison
configure:8089: result: no
configure:8059: checking for byacc
configure:8089: result: no
configure:8059: checking for yacc
configure:8089: result: no
configure:8106: checking for bison
configure:8136: result: no
configure:8153: checking for gm4
configure:8183: result: no
configure:8153: checking for gnum4
configure:8183: result: no
configure:8153: checking for m4
configure:8183: result: no
configure:8200: checking for flex
configure:8230: result: no
configure:8200: checking for lex
configure:8230: result: no
configure:8248: checking for flex
configure:8278: result: no
configure:8295: checking for makeinfo
configure:8325: result: no
configure:8356: checking for expect
configure:8386: result: no
configure:8405: checking for runtest
configure:8435: result: no
configure:8550: checking for ar
configure:8566: found /usr/bin/ar
configure:8577: result: ar
configure:8691: checking for as
configure:8707: found /usr/bin/as
configure:8718: result: as
configure:8832: checking for dlltool
configure:8862: result: no
configure:8973: checking for ld
configure:8989: found /usr/bin/ld
configure:9000: result: ld
configure:9114: checking for lipo
configure:9144: result: no
configure:9255: checking for nm
configure:9271: found /usr/bin/nm
configure:9282: result: nm
configure:9396: checking for ranlib
configure:9412: found /usr/bin/ranlib
configure:9423: result: ranlib
configure:9532: checking for strip
configure:9548: found /usr/bin/strip
configure:9559: result: strip
configure:9668: checking for windres
configure:9698: result: no
configure:9809: checking for windmc
configure:9839: result: no
configure:9950: checking for objcopy
configure:9966: found /usr/bin/objcopy
configure:9977: result: objcopy
configure:10091: checking for objdump
configure:10107: found /usr/bin/objdump
configure:10118: result: objdump
configure:10232: checking for readelf
configure:10248: found /usr/bin/readelf
configure:10259: result: readelf
configure:10285: checking for -plugin option
configure:10405: result: --plugin /usr/lib64/gcc/x86_64-solus-linux/11/liblto_plugin.so
configure:10556: checking for cc
configure:10572: found /usr/bin/cc
configure:10583: result: cc
configure:10717: checking for c++
configure:10733: found /usr/bin/c++
configure:10744: result: c++
configure:10878: checking for gcc
configure:10894: found /usr/bin/gcc
configure:10905: result: gcc
configure:11034: checking for gfortran
configure:11064: result: no
configure:11195: checking for gccgo
configure:11225: result: no
configure:11436: checking for ar
configure:11452: found /usr/bin/ar
configure:11463: result: ar
configure:11666: checking for as
configure:11682: found /usr/bin/as
configure:11693: result: as
configure:11896: checking for dlltool
configure:11926: result: no
configure:12126: checking for ld
configure:12142: found /usr/bin/ld
configure:12153: result: ld
configure:12356: checking for lipo
configure:12386: result: no
configure:12586: checking for nm
configure:12602: found /usr/bin/nm
configure:12613: result: nm
configure:12816: checking for objcopy
configure:12832: found /usr/bin/objcopy
configure:12843: result: objcopy
configure:13046: checking for objdump
configure:13062: found /usr/bin/objdump
configure:13073: result: objdump
configure:13276: checking for ranlib
configure:13292: found /usr/bin/ranlib
configure:13303: result: ranlib
configure:13506: checking for readelf
configure:13522: found /usr/bin/readelf
configure:13533: result: readelf
configure:13736: checking for strip
configure:13752: found /usr/bin/strip
configure:13763: result: strip
configure:13966: checking for windres
configure:13996: result: no
configure:14196: checking for windmc
configure:14226: result: no
configure:14254: checking where to find the target ar
configure:14287: result: host tool
configure:14296: checking where to find the target as
configure:14329: result: host tool
configure:14338: checking where to find the target cc
configure:14371: result: host tool
configure:14380: checking where to find the target c++
configure:14416: result: host tool
configure:14425: checking where to find the target c++ for libstdc++
configure:14461: result: host tool
configure:14470: checking where to find the target dlltool
configure:14503: result: host tool
configure:14512: checking where to find the target gcc
configure:14545: result: host tool
configure:14554: checking where to find the target gfortran
configure:14590: result: host tool
configure:14599: checking where to find the target gccgo
configure:14635: result: host tool
configure:14644: checking where to find the target ld
configure:14677: result: host tool
configure:14686: checking where to find the target lipo
configure:14708: result: host tool
configure:14717: checking where to find the target nm
configure:14750: result: host tool
configure:14759: checking where to find the target objcopy
configure:14792: result: host tool
configure:14801: checking where to find the target objdump
configure:14834: result: host tool
configure:14843: checking where to find the target ranlib
configure:14876: result: host tool
configure:14885: checking where to find the target readelf
configure:14918: result: host tool
configure:14927: checking where to find the target strip
configure:14960: result: host tool
configure:14969: checking where to find the target windres
configure:15002: result: host tool
configure:15011: checking where to find the target windmc
configure:15044: result: host tool
configure:15081: checking whether to enable maintainer-specific portions of Makefiles
configure:15090: result: no
configure:15325: creating ./config.status

## ---------------------- ##
## Running config.status. ##
## ---------------------- ##

This file was extended by config.status, which was
generated by GNU Autoconf 2.69.  Invocation command line was

  CONFIG_FILES    = 
  CONFIG_HEADERS  = 
  CONFIG_LINKS    = 
  CONFIG_COMMANDS = 
  $ ./config.status 

on solus

config.status:994: creating Makefile

## ---------------- ##
## Cache variables. ##
## ---------------- ##

ac_cv_build=x86_64-pc-linux-gnu
ac_cv_c_compiler_gnu=yes
ac_cv_cxx_compiler_gnu=yes
ac_cv_env_AR_FOR_TARGET_set=
ac_cv_env_AR_FOR_TARGET_value=
ac_cv_env_AR_set=
ac_cv_env_AR_value=
ac_cv_env_AS_FOR_TARGET_set=
ac_cv_env_AS_FOR_TARGET_value=
ac_cv_env_AS_set=
ac_cv_env_AS_value=
ac_cv_env_CCC_set=
ac_cv_env_CCC_value=
ac_cv_env_CC_FOR_TARGET_set=
ac_cv_env_CC_FOR_TARGET_value=
ac_cv_env_CC_set=
ac_cv_env_CC_value=
ac_cv_env_CFLAGS_set=
ac_cv_env_CFLAGS_value=
ac_cv_env_CPPFLAGS_set=
ac_cv_env_CPPFLAGS_value=
ac_cv_env_CXXFLAGS_set=
ac_cv_env_CXXFLAGS_value=
ac_cv_env_CXX_FOR_TARGET_set=
ac_cv_env_CXX_FOR_TARGET_value=
ac_cv_env_CXX_set=
ac_cv_env_CXX_value=
ac_cv_env_DLLTOOL_FOR_TARGET_set=
ac_cv_env_DLLTOOL_FOR_TARGET_value=
ac_cv_env_DLLTOOL_set=
ac_cv_env_DLLTOOL_value=
ac_cv_env_GCC_FOR_TARGET_set=
ac_cv_env_GCC_FOR_TARGET_value=
ac_cv_env_GFORTRAN_FOR_TARGET_set=
ac_cv_env_GFORTRAN_FOR_TARGET_value=
ac_cv_env_GOC_FOR_TARGET_set=
ac_cv_env_GOC_FOR_TARGET_value=
ac_cv_env_LDFLAGS_set=
ac_cv_env_LDFLAGS_value=
ac_cv_env_LD_FOR_TARGET_set=
ac_cv_env_LD_FOR_TARGET_value=
ac_cv_env_LD_set=
ac_cv_env_LD_value=
ac_cv_env_LIBS_set=
ac_cv_env_LIBS_value=
ac_cv_env_LIPO_FOR_TARGET_set=
ac_cv_env_LIPO_FOR_TARGET_value=
ac_cv_env_LIPO_set=
ac_cv_env_LIPO_value=
ac_cv_env_NM_FOR_TARGET_set=
ac_cv_env_NM_FOR_TARGET_value=
ac_cv_env_NM_set=
ac_cv_env_NM_value=
ac_cv_env_OBJCOPY_FOR_TARGET_set=
ac_cv_env_OBJCOPY_FOR_TARGET_value=
ac_cv_env_OBJCOPY_set=
ac_cv_env_OBJCOPY_value=
ac_cv_env_OBJDUMP_FOR_TARGET_set=
ac_cv_env_OBJDUMP_FOR_TARGET_value=
ac_cv_env_OBJDUMP_set=
ac_cv_env_OBJDUMP_value=
ac_cv_env_RANLIB_FOR_TARGET_set=
ac_cv_env_RANLIB_FOR_TARGET_value=
ac_cv_env_RANLIB_set=
ac_cv_env_RANLIB_value=
ac_cv_env_READELF_FOR_TARGET_set=
ac_cv_env_READELF_FOR_TARGET_value=
ac_cv_env_READELF_set=
ac_cv_env_READELF_value=
ac_cv_env_STRIP_FOR_TARGET_set=
ac_cv_env_STRIP_FOR_TARGET_value=
ac_cv_env_STRIP_set=
ac_cv_env_STRIP_value=
ac_cv_env_WINDMC_FOR_TARGET_set=
ac_cv_env_WINDMC_FOR_TARGET_value=
ac_cv_env_WINDMC_set=
ac_cv_env_WINDMC_value=
ac_cv_env_WINDRES_FOR_TARGET_set=
ac_cv_env_WINDRES_FOR_TARGET_value=
ac_cv_env_WINDRES_set=
ac_cv_env_WINDRES_value=
ac_cv_env_build_alias_set=
ac_cv_env_build_alias_value=
ac_cv_env_build_configargs_set=
ac_cv_env_build_configargs_value=
ac_cv_env_host_alias_set=
ac_cv_env_host_alias_value=
ac_cv_env_host_configargs_set=
ac_cv_env_host_configargs_value=
ac_cv_env_target_alias_set=
ac_cv_env_target_alias_value=
ac_cv_env_target_configargs_set=
ac_cv_env_target_configargs_value=
ac_cv_host=x86_64-pc-linux-gnu
ac_cv_objext=o
ac_cv_path_SED=/bin/sed
ac_cv_path_install='/usr/bin/install -c'
ac_cv_prog_AR=ar
ac_cv_prog_AR_FOR_TARGET=ar
ac_cv_prog_AS=as
ac_cv_prog_AS_FOR_TARGET=as
ac_cv_prog_AWK=gawk
ac_cv_prog_CC_FOR_TARGET=cc
ac_cv_prog_CXX_FOR_TARGET=c++
ac_cv_prog_GCC_FOR_TARGET=gcc
ac_cv_prog_LD=ld
ac_cv_prog_LD_FOR_TARGET=ld
ac_cv_prog_NM=nm
ac_cv_prog_NM_FOR_TARGET=nm
ac_cv_prog_OBJCOPY=objcopy
ac_cv_prog_OBJCOPY_FOR_TARGET=objcopy
ac_cv_prog_OBJDUMP=objdump
ac_cv_prog_OBJDUMP_FOR_TARGET=objdump
ac_cv_prog_RANLIB=ranlib
ac_cv_prog_RANLIB_FOR_TARGET=ranlib
ac_cv_prog_READELF=readelf
ac_cv_prog_READELF_FOR_TARGET=readelf
ac_cv_prog_STRIP=strip
ac_cv_prog_STRIP_FOR_TARGET=strip
ac_cv_prog_ac_ct_CC=gcc
ac_cv_prog_ac_ct_CXX=g++
ac_cv_prog_cc_c89=
ac_cv_prog_cc_c99=
ac_cv_prog_cc_g=yes
ac_cv_prog_cxx_g=yes
ac_cv_target=x86_64-pc-linux-gnu
acx_cv_cc_gcc_supports_ada=no
acx_cv_prog_LN=ln
gcc_cv_isl=no
gcc_cv_prog_cmp_skip='tail -c +17 $$f1 > tmp-foo1; tail -c +17 $$f2 > tmp-foo2; cmp tmp-foo1 tmp-foo2'
gcc_cv_tool_dirs=
gcc_cv_tool_prefix=/usr/local
lt_cv_objdir=.libs

## ----------------- ##
## Output variables. ##
## ----------------- ##

AR='ar'
AR_FOR_BUILD='$(AR)'
AR_FOR_TARGET='$(AR)'
AR_PLUGIN_OPTION='--plugin /usr/lib64/gcc/x86_64-solus-linux/11/liblto_plugin.so'
AS='as'
AS_FOR_BUILD='$(AS)'
AS_FOR_TARGET='$(AS)'
AWK='gawk'
BISON='/home/pawel/ctf/153+1/muszla/gdb-11.1/missing bison'
BUILD_CONFIG=''
CC='gcc'
CC_FOR_BUILD='$(CC)'
CC_FOR_TARGET='$(CC)'
CFLAGS='-g -O2'
CFLAGS_FOR_BUILD='-g -O2'
CFLAGS_FOR_TARGET='-g -O2'
COMPILER_AS_FOR_TARGET='$(AS_FOR_TARGET)'
COMPILER_LD_FOR_TARGET='$(LD_FOR_TARGET)'
COMPILER_NM_FOR_TARGET='$(NM_FOR_TARGET)'
CONFIGURE_GDB_TK=''
CPPFLAGS=''
CXX='g++'
CXXFLAGS='-g -O2'
CXXFLAGS_FOR_BUILD='-g -O2'
CXXFLAGS_FOR_TARGET='-g -O2'
CXX_FOR_BUILD='$(CXX)'
CXX_FOR_TARGET='$(CXX)'
DEBUG_PREFIX_CFLAGS_FOR_TARGET=''
DEFS='-DPACKAGE_NAME=\"\" -DPACKAGE_TARNAME=\"\" -DPACKAGE_VERSION=\"\" -DPACKAGE_STRING=\"\" -DPACKAGE_BUGREPORT=\"\" -DPACKAGE_URL=\"\" -DLT_OBJDIR=\".libs/\"'
DLLTOOL='dlltool'
DLLTOOL_FOR_BUILD='$(DLLTOOL)'
DLLTOOL_FOR_TARGET='$(DLLTOOL)'
ECHO_C=''
ECHO_N='-n'
ECHO_T=''
EXEEXT=''
EXPECT='expect'
FLAGS_FOR_TARGET=''
FLEX='/home/pawel/ctf/153+1/muszla/gdb-11.1/missing flex'
GCC_FOR_TARGET='$()'
GCC_SHLIB_SUBDIR=''
GDB_TK=''
GFORTRAN_FOR_BUILD='$(GFORTRAN)'
GFORTRAN_FOR_TARGET='$(GFORTRAN)'
GNATBIND='no'
GNATMAKE='no'
GOC_FOR_BUILD='$(GOC)'
GOC_FOR_TARGET='$(GOC)'
INSTALL_DATA='${INSTALL} -m 644'
INSTALL_GDB_TK=''
INSTALL_PROGRAM='${INSTALL}'
INSTALL_SCRIPT='${INSTALL}'
LD='ld'
LDFLAGS=''
LDFLAGS_FOR_BUILD=''
LDFLAGS_FOR_TARGET=''
LD_FOR_BUILD='$(LD)'
LD_FOR_TARGET='$(LD)'
LEX='/home/pawel/ctf/153+1/muszla/gdb-11.1/missing flex'
LIBOBJS=''
LIBS=''
LIPO='lipo'
LIPO_FOR_TARGET='$(LIPO)'
LN='ln'
LN_S='ln -s'
LTLIBOBJS=''
M4='/home/pawel/ctf/153+1/muszla/gdb-11.1/missing m4'
MAINT='#'
MAINTAINER_MODE_FALSE=''
MAINTAINER_MODE_TRUE='#'
MAKEINFO='/home/pawel/ctf/153+1/muszla/gdb-11.1/missing makeinfo'
NM='nm'
NM_FOR_BUILD='$(NM)'
NM_FOR_TARGET='$(NM)'
OBJCOPY='objcopy'
OBJCOPY_FOR_TARGET='$(OBJCOPY)'
OBJDUMP='objdump'
OBJDUMP_FOR_TARGET='$(OBJDUMP)'
OBJEXT='o'
PACKAGE_BUGREPORT=''
PACKAGE_NAME=''
PACKAGE_STRING=''
PACKAGE_TARNAME=''
PACKAGE_URL=''
PACKAGE_VERSION=''
PATH_SEPARATOR=':'
PGO_BUILD_GEN_CFLAGS=''
PGO_BUILD_LTO_CFLAGS=''
PGO_BUILD_USE_CFLAGS=''
RANLIB='ranlib'
RANLIB_FOR_BUILD='$(RANLIB)'
RANLIB_FOR_TARGET='$(RANLIB)'
RANLIB_PLUGIN_OPTION='--plugin /usr/lib64/gcc/x86_64-solus-linux/11/liblto_plugin.so'
RAW_CXX_FOR_TARGET='$(CXX)'
READELF='readelf'
READELF_FOR_TARGET='$(READELF)'
RPATH_ENVVAR='LD_LIBRARY_PATH'
RUNTEST='runtest'
SED='/bin/sed'
SHELL='/bin/sh'
STRIP='strip'
STRIP_FOR_TARGET='$(STRIP)'
SYSROOT_CFLAGS_FOR_TARGET=''
TOPLEVEL_CONFIGURE_ARGUMENTS='./configure'
WINDMC='windmc'
WINDMC_FOR_BUILD='$(WINDMC)'
WINDMC_FOR_TARGET='$(WINDMC)'
WINDRES='windres'
WINDRES_FOR_BUILD='$(WINDRES)'
WINDRES_FOR_TARGET='$(WINDRES)'
YACC='/home/pawel/ctf/153+1/muszla/gdb-11.1/missing bison -y'
ac_ct_CC='gcc'
ac_ct_CXX='g++'
bindir='${exec_prefix}/bin'
build='x86_64-pc-linux-gnu'
build_alias=''
build_configargs=' --cache-file=./config.cache  --program-transform-name='\''s,y,y,'\'' --disable-option-checking'
build_configdirs=' libiberty'
build_cpu='x86_64'
build_libsubdir='build-x86_64-pc-linux-gnu'
build_noncanonical='x86_64-pc-linux-gnu'
build_os='linux-gnu'
build_subdir='build-x86_64-pc-linux-gnu'
build_tooldir='${exec_prefix}/x86_64-pc-linux-gnu'
build_vendor='pc'
compare_exclusions='gcc/cc*-checksum$(objext) | gcc/ada/*tools/*'
configdirs=' intl libiberty opcodes bfd readline zlib libdecnumber libctf sim gdb gdbserver etc gnulib gdbsupport'
datadir='${datarootdir}'
datarootdir='${prefix}/share'
do_compare='tail -c +17 $$f1 > tmp-foo1; tail -c +17 $$f2 > tmp-foo2; cmp tmp-foo1 tmp-foo2'
docdir='${datarootdir}/doc/${PACKAGE}'
dvidir='${docdir}'
exec_prefix='${prefix}'
extra_host_libiberty_configure_flags=''
extra_host_zlib_configure_flags=''
extra_isl_gmp_configure_flags=''
extra_liboffloadmic_configure_flags=''
extra_linker_plugin_configure_flags=''
extra_linker_plugin_flags=''
extra_mpc_gmp_configure_flags=''
extra_mpc_mpfr_configure_flags=''
extra_mpfr_configure_flags=''
get_gcc_base_ver='cat'
gmpinc=''
gmplibs='-lmpc -lmpfr -lgmp'
host='x86_64-pc-linux-gnu'
host_alias=''
host_configargs=' --cache-file=./config.cache   --program-transform-name='\''s,y,y,'\'' --disable-option-checking'
host_cpu='x86_64'
host_noncanonical='x86_64-pc-linux-gnu'
host_os='linux-gnu'
host_shared='no'
host_subdir='.'
host_vendor='pc'
htmldir='${docdir}'
includedir='${prefix}/include'
infodir='${datarootdir}/info'
islinc=''
isllibs=''
libdir='${exec_prefix}/lib'
libexecdir='${exec_prefix}/libexec'
localedir='${datarootdir}/locale'
localstatedir='${prefix}/var'
mandir='${datarootdir}/man'
oldincludedir='/usr/include'
pdfdir='${docdir}'
poststage1_ldflags='-static-libstdc++ -static-libgcc'
poststage1_libs=''
prefix='/usr/local'
program_transform_name='s,y,y,'
psdir='${docdir}'
sbindir='${exec_prefix}/sbin'
sharedstatedir='${prefix}/com'
stage1_cflags='-g'
stage1_checking='--enable-checking=yes,types'
stage1_languages=',c,'
stage1_ldflags=''
stage1_libs=''
stage2_werror_flag=''
sysconfdir='${prefix}/etc'
target='x86_64-pc-linux-gnu'
target_alias=''
target_configargs='--cache-file=./config.cache --enable-multilib   --program-transform-name='\''s,y,y,'\'' --disable-option-checking'
target_configdirs=''
target_cpu='x86_64'
target_noncanonical='x86_64-pc-linux-gnu'
target_os='linux-gnu'
target_subdir='x86_64-pc-linux-gnu'
target_vendor='pc'
tooldir='${exec_prefix}/x86_64-pc-linux-gnu'

## ------------------- ##
## File substitutions. ##
## ------------------- ##

alphaieee_frag='/dev/null'
host_makefile_frag='/dev/null'
ospace_frag='/dev/null'
serialization_dependencies='serdep.tmp'
target_makefile_frag='./config/mt-gnu'

## ----------- ##
## confdefs.h. ##
## ----------- ##

/* confdefs.h */
#define PACKAGE_NAME ""
#define PACKAGE_TARNAME ""
#define PACKAGE_VERSION ""
#define PACKAGE_STRING ""
#define PACKAGE_BUGREPORT ""
#define PACKAGE_URL ""
#define LT_OBJDIR ".libs/"

configure: exit 0
